
Start-Date: 2017-02-18  12:16:15
Commandline: /usr/bin/apt-get install mysql-server
Install: libkeyutils1:armhf (1.5.5-3+deb7u1, automatic), libkrb5-3:armhf (1.10.1+dfsg-5+deb7u7, automatic), libkrb5support0:armhf (1.10.1+dfsg-5+deb7u7, automatic), libwrap0:armhf (7.6.q-24, automatic), libclass-isa-perl:armhf (0.36-3, automatic), krb5-locales:armhf (1.10.1+dfsg-5+deb7u7, automatic), libswitch-perl:armhf (2.16-2, automatic), libaio1:armhf (0.3.109-3, automatic), perl:armhf (5.14.2-21+deb7u3, automatic), libhtml-template-perl:armhf (2.91-1, automatic), libdbi-perl:armhf (1.622-1+deb7u1, automatic), libdbd-mysql-perl:armhf (4.021-1+b1, automatic), mysql-server-5.5:armhf (5.5.47-0+deb7u1, automatic), mysql-common:armhf (5.5.47-0+deb7u1, automatic), mysql-client-5.5:armhf (5.5.47-0+deb7u1, automatic), psmisc:armhf (22.19-1+deb7u1, automatic), libk5crypto3:armhf (1.10.1+dfsg-5+deb7u7, automatic), heirloom-mailx:armhf (12.5-2+deb7u1, automatic), tcpd:armhf (7.6.q-24, automatic), mysql-server-core-5.5:armhf (5.5.47-0+deb7u1, automatic), mysql-server:armhf (5.5.47-0+deb7u1), perl-modules:armhf (5.14.2-21+deb7u3, automatic), libmysqlclient18:armhf (5.5.47-0+deb7u1, automatic), libgssapi-krb5-2:armhf (1.10.1+dfsg-5+deb7u7, automatic)
Error: Sub-process /usr/bin/dpkg returned an error code (1)
End-Date: 2017-02-18  12:18:03

Start-Date: 2017-02-18  12:29:24
Commandline: /usr/bin/apt-get install locales
Install: locales:armhf (2.13-38+deb7u10)
End-Date: 2017-02-18  12:30:51

Start-Date: 2017-02-18  15:56:46
Commandline: /usr/bin/apt-get install vim
Install: libc-l10n:armhf (2.24-9, automatic), libgpm2:armhf (1.20.4-6.2, automatic), vim:armhf (8.0.0197-2), xxd:armhf (8.0.0197-2, automatic), vim-runtime:armhf (8.0.0197-2, automatic)
Upgrade: libncurses5:armhf (5.9-10, 6.0+20161126-1), libc-bin:armhf (2.13-38+deb7u10, 2.24-9), vim-common:armhf (7.3.547-7, 8.0.0197-2), libtinfo5:armhf (5.9-10, 6.0+20161126-1), vim-tiny:armhf (7.3.547-7, 8.0.0197-2), locales:armhf (2.13-38+deb7u10, 2.24-9), libncursesw5:armhf (5.9-10, 6.0+20161126-1), libc6:armhf (2.13-38+deb7u10, 2.24-9)
End-Date: 2017-02-18  15:58:28

Start-Date: 2017-02-18  20:39:39
Commandline: /usr/bin/apt-get install python3.5
Install: libpython3.5-minimal:armhf (3.5.3-1, automatic), bzip2:armhf (1.0.6-8.1, automatic), mime-support:armhf (3.60, automatic), libmpdec2:armhf (2.4.2-1, automatic), python3.5:armhf (3.5.3-1), libexpat1:armhf (2.2.0-2, automatic), file:armhf (5.29-3, automatic), libpython3.5-stdlib:armhf (3.5.3-1, automatic), libssl1.1:armhf (1.1.0e-1, automatic), libdb5.3:armhf (5.3.28-12+b1, automatic), python3.5-minimal:armhf (3.5.3-1, automatic), libreadline7:armhf (7.0-2, automatic), libmagic-mgc:armhf (5.29-3, automatic), libmagic1:armhf (5.29-3, automatic)
Upgrade: libbz2-1.0:armhf (1.0.6-4, 1.0.6-8.1)
End-Date: 2017-02-18  20:40:50

Start-Date: 2017-02-18  20:49:46
Commandline: /usr/bin/apt-get install php5
Install: gcc-6-base:armhf (6.3.0-6, automatic), libgmp10:armhf (6.1.2+dfsg-1, automatic), apache2-utils:armhf (2.4.25-3, automatic), libnettle6:armhf (3.3-1, automatic), lsof:armhf (4.89+dfsg-0.1, automatic), libicu57:armhf (57.1-5, automatic), libaprutil1-dbd-sqlite3:armhf (1.5.4-3, automatic), php5:armhf (5.4.45-0+deb7u2), libcap2:armhf (2.25-1, automatic), apache2.2-bin:armhf (2.2.22-13+deb7u6, automatic), libsasl2-modules:armhf (2.1.27~101-g0780600+dfsg-2, automatic), libapr1:armhf (1.5.2-5, automatic), libpcre3:armhf (8.39-2.1, automatic), libaprutil1-ldap:armhf (1.5.4-3, automatic), libgnutls30:armhf (3.5.8-3, automatic), xml-core:armhf (0.17, automatic), libtasn1-6:armhf (4.10-1, automatic), apache2-mpm-prefork:armhf (2.2.22-13+deb7u6, automatic), libffi6:armhf (3.2.1-6, automatic), libqdbm14:armhf (1.8.78-6.1, automatic), apache2.2-common:armhf (2.2.22-13+deb7u6, automatic), libonig2:armhf (5.9.1-1, automatic), ssl-cert:armhf (1.0.38, automatic), libxml2:armhf (2.9.4+dfsg1-2.2, automatic), libhogweed4:armhf (3.3-1, automatic), sgml-base:armhf (1.29, automatic), ucf:armhf (3.0036, automatic), libldap-common:armhf (2.4.44+dfsg-3, automatic), libldap-2.4-2:armhf (2.4.44+dfsg-3, automatic), libsasl2-2:armhf (2.1.27~101-g0780600+dfsg-2, automatic), openssl:armhf (1.1.0e-1, automatic), php5-cli:armhf (5.4.45-0+deb7u2, automatic), libapache2-mod-php5:armhf (5.4.45-0+deb7u2, automatic), libaprutil1:armhf (1.5.4-3, automatic), php5-common:armhf (5.4.45-0+deb7u2, automatic), libssl1.0.2:armhf (1.0.2k-1, automatic), libsasl2-modules-db:armhf (2.1.27~101-g0780600+dfsg-2, automatic)
Upgrade: libstdc++6:armhf (4.7.2-5, 6.3.0-6), libgcc1:armhf (4.7.2-5, 6.3.0-6), libp11-kit0:armhf (0.12-3, 0.23.3-5)
Remove: gcc-4.7-base:armhf (4.7.2-5)
End-Date: 2017-02-18  20:52:11

Start-Date: 2017-02-18  20:58:08
Commandline: /usr/bin/apt-get install sqlite3
Install: sqlite3:armhf (3.16.2-2)
Upgrade: libsqlite3-0:armhf (3.7.13-1+deb7u2, 3.16.2-2)
End-Date: 2017-02-18  20:58:16

Start-Date: 2017-02-18  21:07:27
Commandline: /usr/bin/apt-get install python3-pip
Install: perl-modules-5.24:armhf (5.24.1-1, automatic), python3-gi:armhf (3.22.0-2, automatic), python3-keyrings.alt:armhf (1.3-1, automatic), shared-mime-info:armhf (1.8-1, automatic), libalgorithm-diff-perl:armhf (1.19.03-1, automatic), libmpfr4:armhf (3.1.5-1, automatic), python3-setuptools:armhf (33.1.1-1, automatic), fakeroot:armhf (1.21-3.1, automatic), python3-dev:armhf (3.5.3-1, automatic), rename:armhf (0.20-4, automatic), dh-python:armhf (2.20170125, automatic), libfile-fcntllock-perl:armhf (0.22-3+b2, automatic), python3-crypto:armhf (2.6.1-7, automatic), libstdc++-6-dev:armhf (6.3.0-6, automatic), libalgorithm-diff-xs-perl:armhf (0.04-4+b2, automatic), manpages-dev:armhf (4.09-2, automatic), libfakeroot:armhf (1.21-3.1, automatic), python3-pip:armhf (9.0.1-2), libpython3-dev:armhf (3.5.3-1, automatic), libsystemd0:armhf (232-18, automatic), libc-dev-bin:armhf (2.24-9, automatic), libgomp1:armhf (6.3.0-6, automatic), libpython3.5-dev:armhf (3.5.3-1, automatic), python3-xdg:armhf (0.25-4, automatic), g++:armhf (6.3.0-1, automatic), linux-libc-dev:armhf (4.9.10-1, automatic), xdg-user-dirs:armhf (0.15-2, automatic), libdpkg-perl:armhf (1.18.22, automatic), libaudit-common:armhf (2.6.7-1, automatic), libgcc-6-dev:armhf (6.3.0-6, automatic), cpp:armhf (6.3.0-1, automatic), gcc:armhf (6.3.0-1, automatic), libcc1-0:armhf (6.3.0-6, automatic), python3-wheel:armhf (0.29.0-2, automatic), libalgorithm-merge-perl:armhf (0.08-3, automatic), gir1.2-glib-2.0:armhf (1.50.0-1, automatic), libmariadbclient18:armhf (10.1.21-5, automatic), ca-certificates:armhf (20161130, automatic), libgcrypt20:armhf (1.7.6-1, automatic), libatomic1:armhf (6.3.0-6, automatic), libasan3:armhf (6.3.0-6, automatic), liblz4-1:armhf (0.0~r131-2, automatic), libpython3.5:armhf (3.5.3-1, automatic), libgirepository-1.0-1:armhf (1.50.0-1, automatic), libglib2.0-data:armhf (2.50.3-1, automatic), libpython3-stdlib:armhf (3.5.3-1, automatic), cpp-6:armhf (6.3.0-6, automatic), dpkg-dev:armhf (1.18.22, automatic), libfdisk1:armhf (2.29.1-1, automatic), init-system-helpers:armhf (1.47, automatic), libcap-ng0:armhf (0.7.7-3, automatic), python3:armhf (3.5.3-1, automatic), libperl5.24:armhf (5.24.1-1, automatic), libudev1:armhf (232-18, automatic), python3-pkg-resources:armhf (33.1.1-1, automatic), python3-minimal:armhf (3.5.3-1, automatic), libexpat1-dev:armhf (2.2.0-2, automatic), libc6-dev:armhf (2.24-9, automatic), libglib2.0-0:armhf (2.50.3-1, automatic), python3.5-dev:armhf (3.5.3-1, automatic), libubsan0:armhf (6.3.0-6, automatic), patch:armhf (2.7.5-1, automatic), python-pip-whl:armhf (9.0.1-2, automatic), binutils:armhf (2.27.90.20170218-1, automatic), libaudit1:armhf (2.6.7-1, automatic), g++-6:armhf (6.3.0-6, automatic), gcc-6:armhf (6.3.0-6, automatic), make:armhf (4.1-9.1, automatic), libmpc3:armhf (1.0.3-1, automatic), libisl15:armhf (0.18-1, automatic), libsmartcols1:armhf (2.29.1-1, automatic), build-essential:armhf (12.3, automatic)
Upgrade: libmount1:armhf (2.20.1-5.3, 2.29.1-1), libblkid1:armhf (2.20.1-5.3, 2.29.1-1), libselinux1:armhf (2.1.9-5, 2.6-3), liblocale-gettext-perl:armhf (1.05-7+b3, 1.07-3+b1), util-linux:armhf (2.20.1-5.3, 2.29.1-1), perl:armhf (5.14.2-21+deb7u3, 5.24.1-1), libdbi-perl:armhf (1.622-1+deb7u1, 1.636-1+b1), libdbd-mysql-perl:armhf (4.021-1+b1, 4.041-1), perl-base:armhf (5.14.2-21+deb7u3, 5.24.1-1), libtext-charwidth-perl:armhf (0.04-7+b2, 0.04-7+b6), liblzma5:armhf (5.1.1alpha+20120614-2, 5.2.2-1.2), dpkg:armhf (1.16.18, 1.18.22), libgpg-error0:armhf (1.10-3.1, 1.26-2), tar:armhf (1.26+dfsg-0.1, 1.29b-1.1), libtext-iconv-perl:armhf (1.7-5, 1.7-5+b4), sysvinit-utils:armhf (2.88dsf-41+deb7u1, 2.88dsf-59.9)
Remove: perl-modules:armhf (5.14.2-21+deb7u3)
End-Date: 2017-02-18  21:15:18

Start-Date: 2017-02-18  21:35:40
Commandline: /usr/bin/apt-get install openssh-server
Install: libiptc0:armhf (1.6.0+snapshot20161117-5, automatic), dmsetup:armhf (1.02.137-1, automatic), libedit2:armhf (3.1-20160903-3, automatic), libnih-dbus1:armhf (1.0.3-8, automatic), libpam-systemd:armhf (232-18, automatic), libapparmor1:armhf (2.11.0-2, automatic), libx11-data:armhf (1.6.4-3, automatic), libdbus-1-3:armhf (1.10.16-1, automatic), libcryptsetup4:armhf (1.7.3-3, automatic), xauth:armhf (1.0.9-1, automatic), ncurses-term:armhf (6.0+20161126-1, automatic), iproute2:armhf (4.9.0-1, automatic), libnetfilter-conntrack3:armhf (1.0.6-2, automatic), libatm1:armhf (2.5.1-2, automatic), libbsd0:armhf (0.8.3-1, automatic), libxmuu1:armhf (1.1.2-2, automatic), libdevmapper1.02.1:armhf (1.02.137-1, automatic), systemd:armhf (232-18, automatic), openssh-client:armhf (7.4p1-6, automatic), libelf1:armhf (0.168-0.2, automatic), dbus:armhf (1.10.16-1, automatic), libxcb1:armhf (1.12-1, automatic), libxau6:armhf (1.0.8-1, automatic), libip4tc0:armhf (1.6.0+snapshot20161117-5, automatic), libxdmcp6:armhf (1.1.2-1.1, automatic), openssh-sftp-server:armhf (7.4p1-6, automatic), libip6tc0:armhf (1.6.0+snapshot20161117-5, automatic), cgmanager:armhf (0.41-2, automatic), libx11-6:armhf (1.6.4-3, automatic), systemd-shim:armhf (10-3, automatic), libseccomp2:armhf (2.3.1-2.1, automatic), libcgmanager0:armhf (0.41-2, automatic), openssh-server:armhf (7.4p1-6), libxext6:armhf (1.3.3-1, automatic), libxtables12:armhf (1.6.0+snapshot20161117-5, automatic), libnih1:armhf (1.0.3-8, automatic), libmnl0:armhf (1.0.4-2, automatic)
Upgrade: libkeyutils1:armhf (1.5.5-3+deb7u1, 1.5.9-9), libkrb5-3:armhf (1.10.1+dfsg-5+deb7u7, 1.15-1), libkrb5support0:armhf (1.10.1+dfsg-5+deb7u7, 1.15-1), iproute:armhf (20120521-3+b3, 4.9.0-1), libkmod2:armhf (9-3, 23-2), libk5crypto3:armhf (1.10.1+dfsg-5+deb7u7, 1.15-1), udev:armhf (175-7.2, 232-18), ifupdown:armhf (0.7.8, 0.8.19), mount:armhf (2.20.1-5.3, 2.29.1-1), libgssapi-krb5-2:armhf (1.10.1+dfsg-5+deb7u7, 1.15-1), iptables:armhf (1.4.14-3.1, 1.6.0+snapshot20161117-5), kmod:armhf (9-3, 23-2)
End-Date: 2017-02-18  21:38:16
