2017-05-24 05:25:17 startup archives install
2017-05-24 05:25:17 install base-passwd:armhf <none> 3.5.26
2017-05-24 05:25:17 status half-installed base-passwd:armhf 3.5.26
2017-05-24 05:25:17 status unpacked base-passwd:armhf 3.5.26
2017-05-24 05:25:17 status unpacked base-passwd:armhf 3.5.26
2017-05-24 05:25:17 configure base-passwd:armhf 3.5.26 3.5.26
2017-05-24 05:25:17 status unpacked base-passwd:armhf 3.5.26
2017-05-24 05:25:17 status half-configured base-passwd:armhf 3.5.26
2017-05-24 05:25:17 status installed base-passwd:armhf 3.5.26
2017-05-24 05:25:17 startup archives install
2017-05-24 05:25:17 install base-files:armhf <none> 7.1wheezy11
2017-05-24 05:25:17 status half-installed base-files:armhf 7.1wheezy11
2017-05-24 05:25:17 status unpacked base-files:armhf 7.1wheezy11
2017-05-24 05:25:17 status unpacked base-files:armhf 7.1wheezy11
2017-05-24 05:25:17 configure base-files:armhf 7.1wheezy11 7.1wheezy11
2017-05-24 05:25:17 status unpacked base-files:armhf 7.1wheezy11
2017-05-24 05:25:17 status unpacked base-files:armhf 7.1wheezy11
2017-05-24 05:25:17 status unpacked base-files:armhf 7.1wheezy11
2017-05-24 05:25:17 status unpacked base-files:armhf 7.1wheezy11
2017-05-24 05:25:17 status unpacked base-files:armhf 7.1wheezy11
2017-05-24 05:25:17 status unpacked base-files:armhf 7.1wheezy11
2017-05-24 05:25:17 status unpacked base-files:armhf 7.1wheezy11
2017-05-24 05:25:17 status half-configured base-files:armhf 7.1wheezy11
2017-05-24 05:25:19 status installed base-files:armhf 7.1wheezy11
2017-05-24 05:25:19 startup archives install
2017-05-24 05:25:19 upgrade dpkg 1.16.18 1.16.18
2017-05-24 05:25:19 status half-configured dpkg 1.16.18
2017-05-24 05:25:19 status unpacked dpkg 1.16.18
2017-05-24 05:25:19 status half-installed dpkg 1.16.18
2017-05-24 05:25:20 status half-installed dpkg 1.16.18
2017-05-24 05:25:20 status unpacked dpkg 1.16.18
2017-05-24 05:25:20 status unpacked dpkg 1.16.18
2017-05-24 05:25:20 configure dpkg 1.16.18 1.16.18
2017-05-24 05:25:20 status unpacked dpkg 1.16.18
2017-05-24 05:25:20 status unpacked dpkg 1.16.18
2017-05-24 05:25:20 status unpacked dpkg 1.16.18
2017-05-24 05:25:20 status unpacked dpkg 1.16.18
2017-05-24 05:25:20 status unpacked dpkg 1.16.18
2017-05-24 05:25:20 status half-configured dpkg 1.16.18
2017-05-24 05:25:20 status installed dpkg 1.16.18
2017-05-24 05:25:20 startup archives install
2017-05-24 05:25:20 install libc6:armhf <none> 2.13-38+deb7u10
2017-05-24 05:25:20 status half-installed libc6:armhf 2.13-38+deb7u10
2017-05-24 05:25:21 status unpacked libc6:armhf 2.13-38+deb7u10
2017-05-24 05:25:21 status unpacked libc6:armhf 2.13-38+deb7u10
2017-05-24 05:25:21 configure libc6:armhf 2.13-38+deb7u10 2.13-38+deb7u10
2017-05-24 05:25:21 status unpacked libc6:armhf 2.13-38+deb7u10
2017-05-24 05:25:21 status unpacked libc6:armhf 2.13-38+deb7u10
2017-05-24 05:25:21 status half-configured libc6:armhf 2.13-38+deb7u10
2017-05-24 05:25:23 status installed libc6:armhf 2.13-38+deb7u10
2017-05-24 05:25:23 startup archives install
2017-05-24 05:25:23 install perl-base:armhf <none> 5.14.2-21+deb7u3
2017-05-24 05:25:23 status half-installed perl-base:armhf 5.14.2-21+deb7u3
2017-05-24 05:25:24 status unpacked perl-base:armhf 5.14.2-21+deb7u3
2017-05-24 05:25:24 status unpacked perl-base:armhf 5.14.2-21+deb7u3
2017-05-24 05:25:24 configure perl-base:armhf 5.14.2-21+deb7u3 5.14.2-21+deb7u3
2017-05-24 05:25:24 status unpacked perl-base:armhf 5.14.2-21+deb7u3
2017-05-24 05:25:24 status half-configured perl-base:armhf 5.14.2-21+deb7u3
2017-05-24 05:25:24 status installed perl-base:armhf 5.14.2-21+deb7u3
2017-05-24 05:25:24 startup archives install
2017-05-24 05:25:24 install mawk:armhf <none> 1.3.3-17
2017-05-24 05:25:24 status half-installed mawk:armhf 1.3.3-17
2017-05-24 05:25:24 status unpacked mawk:armhf 1.3.3-17
2017-05-24 05:25:24 status unpacked mawk:armhf 1.3.3-17
2017-05-24 05:25:24 configure mawk:armhf 1.3.3-17 1.3.3-17
2017-05-24 05:25:24 status unpacked mawk:armhf 1.3.3-17
2017-05-24 05:25:24 status half-configured mawk:armhf 1.3.3-17
2017-05-24 05:25:24 status installed mawk:armhf 1.3.3-17
2017-05-24 05:25:24 startup archives install
2017-05-24 05:25:25 install debconf:all <none> 1.5.49
2017-05-24 05:25:25 status half-installed debconf:all 1.5.49
2017-05-24 05:25:25 status unpacked debconf:all 1.5.49
2017-05-24 05:25:25 status unpacked debconf:all 1.5.49
2017-05-24 05:25:25 configure debconf:all 1.5.49 1.5.49
2017-05-24 05:25:25 status unpacked debconf:all 1.5.49
2017-05-24 05:25:25 status unpacked debconf:all 1.5.49
2017-05-24 05:25:25 status unpacked debconf:all 1.5.49
2017-05-24 05:25:25 status unpacked debconf:all 1.5.49
2017-05-24 05:25:25 status half-configured debconf:all 1.5.49
2017-05-24 05:25:26 status installed debconf:all 1.5.49
2017-05-24 05:25:27 startup archives unpack
2017-05-24 05:25:27 install libacl1:armhf <none> 2.2.51-8
2017-05-24 05:25:27 status half-installed libacl1:armhf 2.2.51-8
2017-05-24 05:25:27 status unpacked libacl1:armhf 2.2.51-8
2017-05-24 05:25:27 status unpacked libacl1:armhf 2.2.51-8
2017-05-24 05:25:27 install libattr1:armhf <none> 1:2.4.46-8
2017-05-24 05:25:27 status half-installed libattr1:armhf 1:2.4.46-8
2017-05-24 05:25:27 status unpacked libattr1:armhf 1:2.4.46-8
2017-05-24 05:25:27 status unpacked libattr1:armhf 1:2.4.46-8
2017-05-24 05:25:27 upgrade base-files:armhf 7.1wheezy11 7.1wheezy11
2017-05-24 05:25:27 status half-configured base-files:armhf 7.1wheezy11
2017-05-24 05:25:27 status unpacked base-files:armhf 7.1wheezy11
2017-05-24 05:25:27 status half-installed base-files:armhf 7.1wheezy11
2017-05-24 05:25:27 status half-installed base-files:armhf 7.1wheezy11
2017-05-24 05:25:27 status unpacked base-files:armhf 7.1wheezy11
2017-05-24 05:25:27 status unpacked base-files:armhf 7.1wheezy11
2017-05-24 05:25:28 upgrade base-passwd:armhf 3.5.26 3.5.26
2017-05-24 05:25:28 status half-configured base-passwd:armhf 3.5.26
2017-05-24 05:25:28 status unpacked base-passwd:armhf 3.5.26
2017-05-24 05:25:28 status half-installed base-passwd:armhf 3.5.26
2017-05-24 05:25:28 status half-installed base-passwd:armhf 3.5.26
2017-05-24 05:25:28 status unpacked base-passwd:armhf 3.5.26
2017-05-24 05:25:28 status unpacked base-passwd:armhf 3.5.26
2017-05-24 05:25:28 install bash:armhf <none> 4.2+dfsg-0.1+deb7u3
2017-05-24 05:25:28 status half-installed bash:armhf 4.2+dfsg-0.1+deb7u3
2017-05-24 05:25:28 status unpacked bash:armhf 4.2+dfsg-0.1+deb7u3
2017-05-24 05:25:28 status unpacked bash:armhf 4.2+dfsg-0.1+deb7u3
2017-05-24 05:25:28 install libbz2-1.0:armhf <none> 1.0.6-4
2017-05-24 05:25:28 status half-installed libbz2-1.0:armhf 1.0.6-4
2017-05-24 05:25:28 status unpacked libbz2-1.0:armhf 1.0.6-4
2017-05-24 05:25:28 status unpacked libbz2-1.0:armhf 1.0.6-4
2017-05-24 05:25:28 install coreutils:armhf <none> 8.13-3.5
2017-05-24 05:25:28 status half-installed coreutils:armhf 8.13-3.5
2017-05-24 05:25:29 status unpacked coreutils:armhf 8.13-3.5
2017-05-24 05:25:29 status unpacked coreutils:armhf 8.13-3.5
2017-05-24 05:25:29 install dash:armhf <none> 0.5.7-3
2017-05-24 05:25:29 status half-installed dash:armhf 0.5.7-3
2017-05-24 05:25:29 status unpacked dash:armhf 0.5.7-3
2017-05-24 05:25:29 status unpacked dash:armhf 0.5.7-3
2017-05-24 05:25:29 install libdb5.1:armhf <none> 5.1.29-5
2017-05-24 05:25:29 status half-installed libdb5.1:armhf 5.1.29-5
2017-05-24 05:25:29 status unpacked libdb5.1:armhf 5.1.29-5
2017-05-24 05:25:29 status unpacked libdb5.1:armhf 5.1.29-5
2017-05-24 05:25:29 upgrade debconf:all 1.5.49 1.5.49
2017-05-24 05:25:29 status half-configured debconf:all 1.5.49
2017-05-24 05:25:30 status unpacked debconf:all 1.5.49
2017-05-24 05:25:30 status half-installed debconf:all 1.5.49
2017-05-24 05:25:30 status half-installed debconf:all 1.5.49
2017-05-24 05:25:30 status unpacked debconf:all 1.5.49
2017-05-24 05:25:30 status unpacked debconf:all 1.5.49
2017-05-24 05:25:30 install debconf-i18n:all <none> 1.5.49
2017-05-24 05:25:30 status half-installed debconf-i18n:all 1.5.49
2017-05-24 05:25:30 status unpacked debconf-i18n:all 1.5.49
2017-05-24 05:25:30 status unpacked debconf-i18n:all 1.5.49
2017-05-24 05:25:30 install debianutils:armhf <none> 4.3.2
2017-05-24 05:25:30 status half-installed debianutils:armhf 4.3.2
2017-05-24 05:25:30 status unpacked debianutils:armhf 4.3.2
2017-05-24 05:25:30 status unpacked debianutils:armhf 4.3.2
2017-05-24 05:25:30 install diffutils:armhf <none> 1:3.2-6
2017-05-24 05:25:30 status half-installed diffutils:armhf 1:3.2-6
2017-05-24 05:25:30 status unpacked diffutils:armhf 1:3.2-6
2017-05-24 05:25:30 status unpacked diffutils:armhf 1:3.2-6
2017-05-24 05:25:30 upgrade dpkg:armhf 1.16.18 1.16.18
2017-05-24 05:25:30 status half-configured dpkg:armhf 1.16.18
2017-05-24 05:25:31 status unpacked dpkg:armhf 1.16.18
2017-05-24 05:25:31 status half-installed dpkg:armhf 1.16.18
2017-05-24 05:25:31 status half-installed dpkg:armhf 1.16.18
2017-05-24 05:25:31 status unpacked dpkg:armhf 1.16.18
2017-05-24 05:25:31 status unpacked dpkg:armhf 1.16.18
2017-05-24 05:25:31 install e2fslibs:armhf <none> 1.42.5-1.1+deb7u1
2017-05-24 05:25:31 status half-installed e2fslibs:armhf 1.42.5-1.1+deb7u1
2017-05-24 05:25:31 status unpacked e2fslibs:armhf 1.42.5-1.1+deb7u1
2017-05-24 05:25:31 status unpacked e2fslibs:armhf 1.42.5-1.1+deb7u1
2017-05-24 05:25:31 install e2fsprogs:armhf <none> 1.42.5-1.1+deb7u1
2017-05-24 05:25:31 status half-installed e2fsprogs:armhf 1.42.5-1.1+deb7u1
2017-05-24 05:25:31 status unpacked e2fsprogs:armhf 1.42.5-1.1+deb7u1
2017-05-24 05:25:31 status unpacked e2fsprogs:armhf 1.42.5-1.1+deb7u1
2017-05-24 05:25:31 install libcomerr2:armhf <none> 1.42.5-1.1+deb7u1
2017-05-24 05:25:31 status half-installed libcomerr2:armhf 1.42.5-1.1+deb7u1
2017-05-24 05:25:31 status unpacked libcomerr2:armhf 1.42.5-1.1+deb7u1
2017-05-24 05:25:31 status unpacked libcomerr2:armhf 1.42.5-1.1+deb7u1
2017-05-24 05:25:32 install libss2:armhf <none> 1.42.5-1.1+deb7u1
2017-05-24 05:25:32 status half-installed libss2:armhf 1.42.5-1.1+deb7u1
2017-05-24 05:25:32 status unpacked libss2:armhf 1.42.5-1.1+deb7u1
2017-05-24 05:25:32 status unpacked libss2:armhf 1.42.5-1.1+deb7u1
2017-05-24 05:25:32 install libc-bin:armhf <none> 2.13-38+deb7u10
2017-05-24 05:25:32 status half-installed libc-bin:armhf 2.13-38+deb7u10
2017-05-24 05:25:32 status unpacked libc-bin:armhf 2.13-38+deb7u10
2017-05-24 05:25:32 status unpacked libc-bin:armhf 2.13-38+deb7u10
2017-05-24 05:25:32 upgrade libc6:armhf 2.13-38+deb7u10 2.13-38+deb7u10
2017-05-24 05:25:32 status half-configured libc6:armhf 2.13-38+deb7u10
2017-05-24 05:25:32 status unpacked libc6:armhf 2.13-38+deb7u10
2017-05-24 05:25:32 status half-installed libc6:armhf 2.13-38+deb7u10
2017-05-24 05:25:34 status half-installed libc6:armhf 2.13-38+deb7u10
2017-05-24 05:25:34 status unpacked libc6:armhf 2.13-38+deb7u10
2017-05-24 05:25:34 status unpacked libc6:armhf 2.13-38+deb7u10
2017-05-24 05:25:34 install multiarch-support:armhf <none> 2.13-38+deb7u10
2017-05-24 05:25:34 status half-installed multiarch-support:armhf 2.13-38+deb7u10
2017-05-24 05:25:34 status unpacked multiarch-support:armhf 2.13-38+deb7u10
2017-05-24 05:25:34 status unpacked multiarch-support:armhf 2.13-38+deb7u10
2017-05-24 05:25:34 install findutils:armhf <none> 4.4.2-4
2017-05-24 05:25:34 status half-installed findutils:armhf 4.4.2-4
2017-05-24 05:25:34 status unpacked findutils:armhf 4.4.2-4
2017-05-24 05:25:34 status unpacked findutils:armhf 4.4.2-4
2017-05-24 05:25:35 install gcc-4.7-base:armhf <none> 4.7.2-5
2017-05-24 05:25:35 status half-installed gcc-4.7-base:armhf 4.7.2-5
2017-05-24 05:25:35 status unpacked gcc-4.7-base:armhf 4.7.2-5
2017-05-24 05:25:35 status unpacked gcc-4.7-base:armhf 4.7.2-5
2017-05-24 05:25:35 install libgcc1:armhf <none> 1:4.7.2-5
2017-05-24 05:25:35 status half-installed libgcc1:armhf 1:4.7.2-5
2017-05-24 05:25:35 status unpacked libgcc1:armhf 1:4.7.2-5
2017-05-24 05:25:35 status unpacked libgcc1:armhf 1:4.7.2-5
2017-05-24 05:25:35 install grep:armhf <none> 2.12-2
2017-05-24 05:25:35 status half-installed grep:armhf 2.12-2
2017-05-24 05:25:35 status unpacked grep:armhf 2.12-2
2017-05-24 05:25:35 status unpacked grep:armhf 2.12-2
2017-05-24 05:25:35 install gzip:armhf <none> 1.5-1.1
2017-05-24 05:25:35 status half-installed gzip:armhf 1.5-1.1
2017-05-24 05:25:35 status unpacked gzip:armhf 1.5-1.1
2017-05-24 05:25:35 status unpacked gzip:armhf 1.5-1.1
2017-05-24 05:25:35 install hostname:armhf <none> 3.11
2017-05-24 05:25:35 status half-installed hostname:armhf 3.11
2017-05-24 05:25:35 status unpacked hostname:armhf 3.11
2017-05-24 05:25:35 status unpacked hostname:armhf 3.11
2017-05-24 05:25:35 install insserv:armhf <none> 1.14.0-5
2017-05-24 05:25:35 status half-installed insserv:armhf 1.14.0-5
2017-05-24 05:25:35 status unpacked insserv:armhf 1.14.0-5
2017-05-24 05:25:35 status unpacked insserv:armhf 1.14.0-5
2017-05-24 05:25:35 install liblocale-gettext-perl:armhf <none> 1.05-7+b3
2017-05-24 05:25:35 status half-installed liblocale-gettext-perl:armhf 1.05-7+b3
2017-05-24 05:25:36 status unpacked liblocale-gettext-perl:armhf 1.05-7+b3
2017-05-24 05:25:36 status unpacked liblocale-gettext-perl:armhf 1.05-7+b3
2017-05-24 05:25:36 install libselinux1:armhf <none> 2.1.9-5
2017-05-24 05:25:36 status half-installed libselinux1:armhf 2.1.9-5
2017-05-24 05:25:36 status unpacked libselinux1:armhf 2.1.9-5
2017-05-24 05:25:36 status unpacked libselinux1:armhf 2.1.9-5
2017-05-24 05:25:36 install libsemanage-common:all <none> 2.1.6-6
2017-05-24 05:25:36 status half-installed libsemanage-common:all 2.1.6-6
2017-05-24 05:25:36 status unpacked libsemanage-common:all 2.1.6-6
2017-05-24 05:25:36 status unpacked libsemanage-common:all 2.1.6-6
2017-05-24 05:25:36 install libsemanage1:armhf <none> 2.1.6-6
2017-05-24 05:25:36 status half-installed libsemanage1:armhf 2.1.6-6
2017-05-24 05:25:36 status unpacked libsemanage1:armhf 2.1.6-6
2017-05-24 05:25:36 status unpacked libsemanage1:armhf 2.1.6-6
2017-05-24 05:25:36 install libsepol1:armhf <none> 2.1.4-3
2017-05-24 05:25:36 status half-installed libsepol1:armhf 2.1.4-3
2017-05-24 05:25:36 status unpacked libsepol1:armhf 2.1.4-3
2017-05-24 05:25:36 status unpacked libsepol1:armhf 2.1.4-3
2017-05-24 05:25:36 install libtext-charwidth-perl:armhf <none> 0.04-7+b2
2017-05-24 05:25:36 status half-installed libtext-charwidth-perl:armhf 0.04-7+b2
2017-05-24 05:25:36 status unpacked libtext-charwidth-perl:armhf 0.04-7+b2
2017-05-24 05:25:36 status unpacked libtext-charwidth-perl:armhf 0.04-7+b2
2017-05-24 05:25:36 install libtext-iconv-perl:armhf <none> 1.7-5
2017-05-24 05:25:36 status half-installed libtext-iconv-perl:armhf 1.7-5
2017-05-24 05:25:36 status unpacked libtext-iconv-perl:armhf 1.7-5
2017-05-24 05:25:36 status unpacked libtext-iconv-perl:armhf 1.7-5
2017-05-24 05:25:36 install libtext-wrapi18n-perl:all <none> 0.06-7
2017-05-24 05:25:36 status half-installed libtext-wrapi18n-perl:all 0.06-7
2017-05-24 05:25:37 status unpacked libtext-wrapi18n-perl:all 0.06-7
2017-05-24 05:25:37 status unpacked libtext-wrapi18n-perl:all 0.06-7
2017-05-24 05:25:37 install lsb-base:all <none> 4.1+Debian8+deb7u1
2017-05-24 05:25:37 status half-installed lsb-base:all 4.1+Debian8+deb7u1
2017-05-24 05:25:37 status unpacked lsb-base:all 4.1+Debian8+deb7u1
2017-05-24 05:25:37 status unpacked lsb-base:all 4.1+Debian8+deb7u1
2017-05-24 05:25:37 upgrade mawk:armhf 1.3.3-17 1.3.3-17
2017-05-24 05:25:37 status half-configured mawk:armhf 1.3.3-17
2017-05-24 05:25:37 status unpacked mawk:armhf 1.3.3-17
2017-05-24 05:25:37 status half-installed mawk:armhf 1.3.3-17
2017-05-24 05:25:37 status half-installed mawk:armhf 1.3.3-17
2017-05-24 05:25:37 status unpacked mawk:armhf 1.3.3-17
2017-05-24 05:25:37 status unpacked mawk:armhf 1.3.3-17
2017-05-24 05:25:37 install libncurses5:armhf <none> 5.9-10
2017-05-24 05:25:37 status half-installed libncurses5:armhf 5.9-10
2017-05-24 05:25:37 status unpacked libncurses5:armhf 5.9-10
2017-05-24 05:25:37 status unpacked libncurses5:armhf 5.9-10
2017-05-24 05:25:37 install libtinfo5:armhf <none> 5.9-10
2017-05-24 05:25:37 status half-installed libtinfo5:armhf 5.9-10
2017-05-24 05:25:37 status unpacked libtinfo5:armhf 5.9-10
2017-05-24 05:25:37 status unpacked libtinfo5:armhf 5.9-10
2017-05-24 05:25:37 install ncurses-base:all <none> 5.9-10
2017-05-24 05:25:37 status half-installed ncurses-base:all 5.9-10
2017-05-24 05:25:37 status unpacked ncurses-base:all 5.9-10
2017-05-24 05:25:37 status unpacked ncurses-base:all 5.9-10
2017-05-24 05:25:37 install ncurses-bin:armhf <none> 5.9-10
2017-05-24 05:25:37 status half-installed ncurses-bin:armhf 5.9-10
2017-05-24 05:25:38 status unpacked ncurses-bin:armhf 5.9-10
2017-05-24 05:25:38 status unpacked ncurses-bin:armhf 5.9-10
2017-05-24 05:25:38 install libpam-modules:armhf <none> 1.1.3-7.1
2017-05-24 05:25:38 status half-installed libpam-modules:armhf 1.1.3-7.1
2017-05-24 05:25:39 status unpacked libpam-modules:armhf 1.1.3-7.1
2017-05-24 05:25:39 status unpacked libpam-modules:armhf 1.1.3-7.1
2017-05-24 05:25:39 install libpam-modules-bin:armhf <none> 1.1.3-7.1
2017-05-24 05:25:39 status half-installed libpam-modules-bin:armhf 1.1.3-7.1
2017-05-24 05:25:39 status unpacked libpam-modules-bin:armhf 1.1.3-7.1
2017-05-24 05:25:39 status unpacked libpam-modules-bin:armhf 1.1.3-7.1
2017-05-24 05:25:39 install libpam-runtime:all <none> 1.1.3-7.1
2017-05-24 05:25:39 status half-installed libpam-runtime:all 1.1.3-7.1
2017-05-24 05:25:39 status unpacked libpam-runtime:all 1.1.3-7.1
2017-05-24 05:25:39 status unpacked libpam-runtime:all 1.1.3-7.1
2017-05-24 05:25:39 install libpam0g:armhf <none> 1.1.3-7.1
2017-05-24 05:25:39 status half-installed libpam0g:armhf 1.1.3-7.1
2017-05-24 05:25:39 status unpacked libpam0g:armhf 1.1.3-7.1
2017-05-24 05:25:39 status unpacked libpam0g:armhf 1.1.3-7.1
2017-05-24 05:25:39 upgrade perl-base:armhf 5.14.2-21+deb7u3 5.14.2-21+deb7u3
2017-05-24 05:25:39 status half-configured perl-base:armhf 5.14.2-21+deb7u3
2017-05-24 05:25:39 status unpacked perl-base:armhf 5.14.2-21+deb7u3
2017-05-24 05:25:39 status half-installed perl-base:armhf 5.14.2-21+deb7u3
2017-05-24 05:25:40 status half-installed perl-base:armhf 5.14.2-21+deb7u3
2017-05-24 05:25:40 status unpacked perl-base:armhf 5.14.2-21+deb7u3
2017-05-24 05:25:40 status unpacked perl-base:armhf 5.14.2-21+deb7u3
2017-05-24 05:25:40 install sed:armhf <none> 4.2.1-10
2017-05-24 05:25:40 status half-installed sed:armhf 4.2.1-10
2017-05-24 05:25:40 status unpacked sed:armhf 4.2.1-10
2017-05-24 05:25:40 status unpacked sed:armhf 4.2.1-10
2017-05-24 05:25:40 install sensible-utils:all <none> 0.0.7
2017-05-24 05:25:40 status half-installed sensible-utils:all 0.0.7
2017-05-24 05:25:40 status unpacked sensible-utils:all 0.0.7
2017-05-24 05:25:40 status unpacked sensible-utils:all 0.0.7
2017-05-24 05:25:40 install login:armhf <none> 1:4.1.5.1-1
2017-05-24 05:25:40 status half-installed login:armhf 1:4.1.5.1-1
2017-05-24 05:25:40 status unpacked login:armhf 1:4.1.5.1-1
2017-05-24 05:25:40 status unpacked login:armhf 1:4.1.5.1-1
2017-05-24 05:25:40 install passwd:armhf <none> 1:4.1.5.1-1
2017-05-24 05:25:40 status half-installed passwd:armhf 1:4.1.5.1-1
2017-05-24 05:25:41 status unpacked passwd:armhf 1:4.1.5.1-1
2017-05-24 05:25:41 status unpacked passwd:armhf 1:4.1.5.1-1
2017-05-24 05:25:41 install libslang2:armhf <none> 2.2.4-15
2017-05-24 05:25:41 status half-installed libslang2:armhf 2.2.4-15
2017-05-24 05:25:41 status unpacked libslang2:armhf 2.2.4-15
2017-05-24 05:25:41 status unpacked libslang2:armhf 2.2.4-15
2017-05-24 05:25:41 install initscripts:armhf <none> 2.88dsf-41+deb7u1
2017-05-24 05:25:41 status half-installed initscripts:armhf 2.88dsf-41+deb7u1
2017-05-24 05:25:41 status unpacked initscripts:armhf 2.88dsf-41+deb7u1
2017-05-24 05:25:41 status unpacked initscripts:armhf 2.88dsf-41+deb7u1
2017-05-24 05:25:41 install sysv-rc:all <none> 2.88dsf-41+deb7u1
2017-05-24 05:25:41 status half-installed sysv-rc:all 2.88dsf-41+deb7u1
2017-05-24 05:25:42 status unpacked sysv-rc:all 2.88dsf-41+deb7u1
2017-05-24 05:25:42 status unpacked sysv-rc:all 2.88dsf-41+deb7u1
2017-05-24 05:25:42 install sysvinit:armhf <none> 2.88dsf-41+deb7u1
2017-05-24 05:25:42 status half-installed sysvinit:armhf 2.88dsf-41+deb7u1
2017-05-24 05:25:42 status unpacked sysvinit:armhf 2.88dsf-41+deb7u1
2017-05-24 05:25:42 status unpacked sysvinit:armhf 2.88dsf-41+deb7u1
2017-05-24 05:25:42 install sysvinit-utils:armhf <none> 2.88dsf-41+deb7u1
2017-05-24 05:25:42 status half-installed sysvinit-utils:armhf 2.88dsf-41+deb7u1
2017-05-24 05:25:42 status unpacked sysvinit-utils:armhf 2.88dsf-41+deb7u1
2017-05-24 05:25:42 status unpacked sysvinit-utils:armhf 2.88dsf-41+deb7u1
2017-05-24 05:25:42 install tar:armhf <none> 1.26+dfsg-0.1
2017-05-24 05:25:42 status half-installed tar:armhf 1.26+dfsg-0.1
2017-05-24 05:25:42 status unpacked tar:armhf 1.26+dfsg-0.1
2017-05-24 05:25:42 status unpacked tar:armhf 1.26+dfsg-0.1
2017-05-24 05:25:42 install tzdata:all <none> 2016d-0+deb7u1
2017-05-24 05:25:42 status half-installed tzdata:all 2016d-0+deb7u1
2017-05-24 05:25:43 status unpacked tzdata:all 2016d-0+deb7u1
2017-05-24 05:25:43 status unpacked tzdata:all 2016d-0+deb7u1
2017-05-24 05:25:43 install libustr-1.0-1:armhf <none> 1.0.4-3
2017-05-24 05:25:43 status half-installed libustr-1.0-1:armhf 1.0.4-3
2017-05-24 05:25:43 status unpacked libustr-1.0-1:armhf 1.0.4-3
2017-05-24 05:25:43 status unpacked libustr-1.0-1:armhf 1.0.4-3
2017-05-24 05:25:43 install bsdutils:armhf <none> 1:2.20.1-5.3
2017-05-24 05:25:43 status half-installed bsdutils:armhf 1:2.20.1-5.3
2017-05-24 05:25:43 status unpacked bsdutils:armhf 1:2.20.1-5.3
2017-05-24 05:25:43 status unpacked bsdutils:armhf 1:2.20.1-5.3
2017-05-24 05:25:43 install libblkid1:armhf <none> 2.20.1-5.3
2017-05-24 05:25:43 status half-installed libblkid1:armhf 2.20.1-5.3
2017-05-24 05:25:43 status unpacked libblkid1:armhf 2.20.1-5.3
2017-05-24 05:25:43 status unpacked libblkid1:armhf 2.20.1-5.3
2017-05-24 05:25:43 install libmount1:armhf <none> 2.20.1-5.3
2017-05-24 05:25:43 status half-installed libmount1:armhf 2.20.1-5.3
2017-05-24 05:25:43 status unpacked libmount1:armhf 2.20.1-5.3
2017-05-24 05:25:43 status unpacked libmount1:armhf 2.20.1-5.3
2017-05-24 05:25:43 install libuuid1:armhf <none> 2.20.1-5.3
2017-05-24 05:25:43 status half-installed libuuid1:armhf 2.20.1-5.3
2017-05-24 05:25:44 status unpacked libuuid1:armhf 2.20.1-5.3
2017-05-24 05:25:44 status unpacked libuuid1:armhf 2.20.1-5.3
2017-05-24 05:25:44 install mount:armhf <none> 2.20.1-5.3
2017-05-24 05:25:44 status half-installed mount:armhf 2.20.1-5.3
2017-05-24 05:25:44 status unpacked mount:armhf 2.20.1-5.3
2017-05-24 05:25:44 status unpacked mount:armhf 2.20.1-5.3
2017-05-24 05:25:44 install util-linux:armhf <none> 2.20.1-5.3
2017-05-24 05:25:44 status half-installed util-linux:armhf 2.20.1-5.3
2017-05-24 05:25:45 status unpacked util-linux:armhf 2.20.1-5.3
2017-05-24 05:25:45 status unpacked util-linux:armhf 2.20.1-5.3
2017-05-24 05:25:45 install liblzma5:armhf <none> 5.1.1alpha+20120614-2
2017-05-24 05:25:45 status half-installed liblzma5:armhf 5.1.1alpha+20120614-2
2017-05-24 05:25:45 status unpacked liblzma5:armhf 5.1.1alpha+20120614-2
2017-05-24 05:25:45 status unpacked liblzma5:armhf 5.1.1alpha+20120614-2
2017-05-24 05:25:45 install xz-utils:armhf <none> 5.1.1alpha+20120614-2
2017-05-24 05:25:45 status half-installed xz-utils:armhf 5.1.1alpha+20120614-2
2017-05-24 05:25:45 status unpacked xz-utils:armhf 5.1.1alpha+20120614-2
2017-05-24 05:25:45 status unpacked xz-utils:armhf 5.1.1alpha+20120614-2
2017-05-24 05:25:45 install zlib1g:armhf <none> 1:1.2.7.dfsg-13
2017-05-24 05:25:45 status half-installed zlib1g:armhf 1:1.2.7.dfsg-13
2017-05-24 05:25:45 status unpacked zlib1g:armhf 1:1.2.7.dfsg-13
2017-05-24 05:25:45 status unpacked zlib1g:armhf 1:1.2.7.dfsg-13
2017-05-24 05:25:45 startup packages configure
2017-05-24 05:25:45 configure lsb-base:all 4.1+Debian8+deb7u1 <none>
2017-05-24 05:25:45 status unpacked lsb-base:all 4.1+Debian8+deb7u1
2017-05-24 05:25:45 status half-configured lsb-base:all 4.1+Debian8+deb7u1
2017-05-24 05:25:45 status installed lsb-base:all 4.1+Debian8+deb7u1
2017-05-24 05:25:45 configure ncurses-base:all 5.9-10 <none>
2017-05-24 05:25:45 status unpacked ncurses-base:all 5.9-10
2017-05-24 05:25:45 status unpacked ncurses-base:all 5.9-10
2017-05-24 05:25:45 status half-configured ncurses-base:all 5.9-10
2017-05-24 05:25:45 status installed ncurses-base:all 5.9-10
2017-05-24 05:25:45 configure sensible-utils:all 0.0.7 <none>
2017-05-24 05:25:45 status unpacked sensible-utils:all 0.0.7
2017-05-24 05:25:45 status half-configured sensible-utils:all 0.0.7
2017-05-24 05:25:45 status installed sensible-utils:all 0.0.7
2017-05-24 05:25:45 configure libsemanage-common:all 2.1.6-6 <none>
2017-05-24 05:25:45 status unpacked libsemanage-common:all 2.1.6-6
2017-05-24 05:25:45 status unpacked libsemanage-common:all 2.1.6-6
2017-05-24 05:25:45 status half-configured libsemanage-common:all 2.1.6-6
2017-05-24 05:25:45 status installed libsemanage-common:all 2.1.6-6
2017-05-24 05:25:45 configure gcc-4.7-base:armhf 4.7.2-5 <none>
2017-05-24 05:25:45 status unpacked gcc-4.7-base:armhf 4.7.2-5
2017-05-24 05:25:45 status half-configured gcc-4.7-base:armhf 4.7.2-5
2017-05-24 05:25:45 status installed gcc-4.7-base:armhf 4.7.2-5
2017-05-24 05:25:45 configure libc-bin:armhf 2.13-38+deb7u10 <none>
2017-05-24 05:25:45 status unpacked libc-bin:armhf 2.13-38+deb7u10
2017-05-24 05:25:45 status unpacked libc-bin:armhf 2.13-38+deb7u10
2017-05-24 05:25:45 status unpacked libc-bin:armhf 2.13-38+deb7u10
2017-05-24 05:25:45 status unpacked libc-bin:armhf 2.13-38+deb7u10
2017-05-24 05:25:45 status unpacked libc-bin:armhf 2.13-38+deb7u10
2017-05-24 05:25:45 status half-configured libc-bin:armhf 2.13-38+deb7u10
2017-05-24 05:25:45 status installed libc-bin:armhf 2.13-38+deb7u10
2017-05-24 05:25:45 configure libc6:armhf 2.13-38+deb7u10 <none>
2017-05-24 05:25:45 status unpacked libc6:armhf 2.13-38+deb7u10
2017-05-24 05:25:45 status unpacked libc6:armhf 2.13-38+deb7u10
2017-05-24 05:25:45 status half-configured libc6:armhf 2.13-38+deb7u10
2017-05-24 05:25:48 status installed libc6:armhf 2.13-38+deb7u10
2017-05-24 05:25:48 configure debianutils:armhf 4.3.2 <none>
2017-05-24 05:25:48 status unpacked debianutils:armhf 4.3.2
2017-05-24 05:25:48 status half-configured debianutils:armhf 4.3.2
2017-05-24 05:25:48 status installed debianutils:armhf 4.3.2
2017-05-24 05:25:48 configure base-passwd:armhf 3.5.26 <none>
2017-05-24 05:25:48 status unpacked base-passwd:armhf 3.5.26
2017-05-24 05:25:48 status half-configured base-passwd:armhf 3.5.26
2017-05-24 05:25:48 status installed base-passwd:armhf 3.5.26
2017-05-24 05:25:48 configure mawk:armhf 1.3.3-17 <none>
2017-05-24 05:25:48 status unpacked mawk:armhf 1.3.3-17
2017-05-24 05:25:48 status half-configured mawk:armhf 1.3.3-17
2017-05-24 05:25:48 status installed mawk:armhf 1.3.3-17
2017-05-24 05:25:48 configure hostname:armhf 3.11 <none>
2017-05-24 05:25:48 status unpacked hostname:armhf 3.11
2017-05-24 05:25:48 status half-configured hostname:armhf 3.11
2017-05-24 05:25:48 status installed hostname:armhf 3.11
2017-05-24 05:25:48 configure insserv:armhf 1.14.0-5 <none>
2017-05-24 05:25:48 status unpacked insserv:armhf 1.14.0-5
2017-05-24 05:25:48 status unpacked insserv:armhf 1.14.0-5
2017-05-24 05:25:48 status unpacked insserv:armhf 1.14.0-5
2017-05-24 05:25:48 status half-configured insserv:armhf 1.14.0-5
2017-05-24 05:25:48 status installed insserv:armhf 1.14.0-5
2017-05-24 05:25:48 configure multiarch-support:armhf 2.13-38+deb7u10 <none>
2017-05-24 05:25:48 status unpacked multiarch-support:armhf 2.13-38+deb7u10
2017-05-24 05:25:48 status half-configured multiarch-support:armhf 2.13-38+deb7u10
2017-05-24 05:25:48 status installed multiarch-support:armhf 2.13-38+deb7u10
2017-05-24 05:25:48 configure libselinux1:armhf 2.1.9-5 <none>
2017-05-24 05:25:48 status unpacked libselinux1:armhf 2.1.9-5
2017-05-24 05:25:48 status half-configured libselinux1:armhf 2.1.9-5
2017-05-24 05:25:49 status installed libselinux1:armhf 2.1.9-5
2017-05-24 05:25:49 configure libsepol1:armhf 2.1.4-3 <none>
2017-05-24 05:25:49 status unpacked libsepol1:armhf 2.1.4-3
2017-05-24 05:25:49 status half-configured libsepol1:armhf 2.1.4-3
2017-05-24 05:25:50 status installed libsepol1:armhf 2.1.4-3
2017-05-24 05:25:50 configure libgcc1:armhf 1:4.7.2-5 <none>
2017-05-24 05:25:50 status unpacked libgcc1:armhf 1:4.7.2-5
2017-05-24 05:25:50 status half-configured libgcc1:armhf 1:4.7.2-5
2017-05-24 05:25:50 status installed libgcc1:armhf 1:4.7.2-5
2017-05-24 05:25:50 configure base-files:armhf 7.1wheezy11 <none>
2017-05-24 05:25:50 status unpacked base-files:armhf 7.1wheezy11
2017-05-24 05:25:50 status unpacked base-files:armhf 7.1wheezy11
2017-05-24 05:25:50 status unpacked base-files:armhf 7.1wheezy11
2017-05-24 05:25:50 status unpacked base-files:armhf 7.1wheezy11
2017-05-24 05:25:50 status unpacked base-files:armhf 7.1wheezy11
2017-05-24 05:25:50 status unpacked base-files:armhf 7.1wheezy11
2017-05-24 05:25:50 status unpacked base-files:armhf 7.1wheezy11
2017-05-24 05:25:50 status half-configured base-files:armhf 7.1wheezy11
2017-05-24 05:25:51 status installed base-files:armhf 7.1wheezy11
2017-05-24 05:25:51 configure libattr1:armhf 1:2.4.46-8 <none>
2017-05-24 05:25:51 status unpacked libattr1:armhf 1:2.4.46-8
2017-05-24 05:25:51 status half-configured libattr1:armhf 1:2.4.46-8
2017-05-24 05:25:51 status installed libattr1:armhf 1:2.4.46-8
2017-05-24 05:25:51 configure e2fslibs:armhf 1.42.5-1.1+deb7u1 <none>
2017-05-24 05:25:51 status unpacked e2fslibs:armhf 1.42.5-1.1+deb7u1
2017-05-24 05:25:51 status half-configured e2fslibs:armhf 1.42.5-1.1+deb7u1
2017-05-24 05:25:51 status installed e2fslibs:armhf 1.42.5-1.1+deb7u1
2017-05-24 05:25:51 configure libcomerr2:armhf 1.42.5-1.1+deb7u1 <none>
2017-05-24 05:25:51 status unpacked libcomerr2:armhf 1.42.5-1.1+deb7u1
2017-05-24 05:25:51 status half-configured libcomerr2:armhf 1.42.5-1.1+deb7u1
2017-05-24 05:25:51 status installed libcomerr2:armhf 1.42.5-1.1+deb7u1
2017-05-24 05:25:51 configure libacl1:armhf 2.2.51-8 <none>
2017-05-24 05:25:51 status unpacked libacl1:armhf 2.2.51-8
2017-05-24 05:25:51 status half-configured libacl1:armhf 2.2.51-8
2017-05-24 05:25:51 status installed libacl1:armhf 2.2.51-8
2017-05-24 05:25:51 configure libslang2:armhf 2.2.4-15 <none>
2017-05-24 05:25:51 status unpacked libslang2:armhf 2.2.4-15
2017-05-24 05:25:51 status half-configured libslang2:armhf 2.2.4-15
2017-05-24 05:25:51 status installed libslang2:armhf 2.2.4-15
2017-05-24 05:25:51 configure libss2:armhf 1.42.5-1.1+deb7u1 <none>
2017-05-24 05:25:51 status unpacked libss2:armhf 1.42.5-1.1+deb7u1
2017-05-24 05:25:51 status half-configured libss2:armhf 1.42.5-1.1+deb7u1
2017-05-24 05:25:51 status installed libss2:armhf 1.42.5-1.1+deb7u1
2017-05-24 05:25:51 configure liblzma5:armhf 5.1.1alpha+20120614-2 <none>
2017-05-24 05:25:51 status unpacked liblzma5:armhf 5.1.1alpha+20120614-2
2017-05-24 05:25:51 status half-configured liblzma5:armhf 5.1.1alpha+20120614-2
2017-05-24 05:25:51 status installed liblzma5:armhf 5.1.1alpha+20120614-2
2017-05-24 05:25:51 configure libdb5.1:armhf 5.1.29-5 <none>
2017-05-24 05:25:51 status unpacked libdb5.1:armhf 5.1.29-5
2017-05-24 05:25:51 status half-configured libdb5.1:armhf 5.1.29-5
2017-05-24 05:25:51 status installed libdb5.1:armhf 5.1.29-5
2017-05-24 05:25:51 configure libbz2-1.0:armhf 1.0.6-4 <none>
2017-05-24 05:25:51 status unpacked libbz2-1.0:armhf 1.0.6-4
2017-05-24 05:25:51 status half-configured libbz2-1.0:armhf 1.0.6-4
2017-05-24 05:25:51 status installed libbz2-1.0:armhf 1.0.6-4
2017-05-24 05:25:51 configure libtinfo5:armhf 5.9-10 <none>
2017-05-24 05:25:51 status unpacked libtinfo5:armhf 5.9-10
2017-05-24 05:25:51 status half-configured libtinfo5:armhf 5.9-10
2017-05-24 05:25:51 status installed libtinfo5:armhf 5.9-10
2017-05-24 05:25:51 configure sysvinit-utils:armhf 2.88dsf-41+deb7u1 <none>
2017-05-24 05:25:51 status unpacked sysvinit-utils:armhf 2.88dsf-41+deb7u1
2017-05-24 05:25:51 status unpacked sysvinit-utils:armhf 2.88dsf-41+deb7u1
2017-05-24 05:25:51 status half-configured sysvinit-utils:armhf 2.88dsf-41+deb7u1
2017-05-24 05:25:51 status installed sysvinit-utils:armhf 2.88dsf-41+deb7u1
2017-05-24 05:25:51 configure libustr-1.0-1:armhf 1.0.4-3 <none>
2017-05-24 05:25:51 status unpacked libustr-1.0-1:armhf 1.0.4-3
2017-05-24 05:25:51 status half-configured libustr-1.0-1:armhf 1.0.4-3
2017-05-24 05:25:51 status installed libustr-1.0-1:armhf 1.0.4-3
2017-05-24 05:25:51 configure bsdutils:armhf 1:2.20.1-5.3 <none>
2017-05-24 05:25:51 status unpacked bsdutils:armhf 1:2.20.1-5.3
2017-05-24 05:25:51 status half-configured bsdutils:armhf 1:2.20.1-5.3
2017-05-24 05:25:51 status installed bsdutils:armhf 1:2.20.1-5.3
2017-05-24 05:25:51 configure ncurses-bin:armhf 5.9-10 <none>
2017-05-24 05:25:51 status unpacked ncurses-bin:armhf 5.9-10
2017-05-24 05:25:51 status half-configured ncurses-bin:armhf 5.9-10
2017-05-24 05:25:51 status installed ncurses-bin:armhf 5.9-10
2017-05-24 05:25:51 configure libsemanage1:armhf 2.1.6-6 <none>
2017-05-24 05:25:51 status unpacked libsemanage1:armhf 2.1.6-6
2017-05-24 05:25:51 status half-configured libsemanage1:armhf 2.1.6-6
2017-05-24 05:25:51 status installed libsemanage1:armhf 2.1.6-6
2017-05-24 05:25:51 configure tar:armhf 1.26+dfsg-0.1 <none>
2017-05-24 05:25:51 status unpacked tar:armhf 1.26+dfsg-0.1
2017-05-24 05:25:51 status unpacked tar:armhf 1.26+dfsg-0.1
2017-05-24 05:25:51 status half-configured tar:armhf 1.26+dfsg-0.1
2017-05-24 05:25:51 status installed tar:armhf 1.26+dfsg-0.1
2017-05-24 05:25:51 configure zlib1g:armhf 1:1.2.7.dfsg-13 <none>
2017-05-24 05:25:51 status unpacked zlib1g:armhf 1:1.2.7.dfsg-13
2017-05-24 05:25:51 status half-configured zlib1g:armhf 1:1.2.7.dfsg-13
2017-05-24 05:25:51 status installed zlib1g:armhf 1:1.2.7.dfsg-13
2017-05-24 05:25:51 configure libncurses5:armhf 5.9-10 <none>
2017-05-24 05:25:51 status unpacked libncurses5:armhf 5.9-10
2017-05-24 05:25:51 status half-configured libncurses5:armhf 5.9-10
2017-05-24 05:25:51 status installed libncurses5:armhf 5.9-10
2017-05-24 05:25:51 configure xz-utils:armhf 5.1.1alpha+20120614-2 <none>
2017-05-24 05:25:51 status unpacked xz-utils:armhf 5.1.1alpha+20120614-2
2017-05-24 05:25:51 status half-configured xz-utils:armhf 5.1.1alpha+20120614-2
2017-05-24 05:25:52 status installed xz-utils:armhf 5.1.1alpha+20120614-2
2017-05-24 05:25:52 configure dpkg:armhf 1.16.18 <none>
2017-05-24 05:25:52 status unpacked dpkg:armhf 1.16.18
2017-05-24 05:25:52 status unpacked dpkg:armhf 1.16.18
2017-05-24 05:25:52 status unpacked dpkg:armhf 1.16.18
2017-05-24 05:25:52 status unpacked dpkg:armhf 1.16.18
2017-05-24 05:25:52 status unpacked dpkg:armhf 1.16.18
2017-05-24 05:25:52 status half-configured dpkg:armhf 1.16.18
2017-05-24 05:25:52 status installed dpkg:armhf 1.16.18
2017-05-24 05:25:52 configure dash:armhf 0.5.7-3 <none>
2017-05-24 05:25:52 status unpacked dash:armhf 0.5.7-3
2017-05-24 05:25:52 status half-configured dash:armhf 0.5.7-3
2017-05-24 05:25:53 status installed dash:armhf 0.5.7-3
2017-05-24 05:25:53 configure coreutils:armhf 8.13-3.5 <none>
2017-05-24 05:25:53 status unpacked coreutils:armhf 8.13-3.5
2017-05-24 05:25:53 status half-configured coreutils:armhf 8.13-3.5
2017-05-24 05:25:53 status installed coreutils:armhf 8.13-3.5
2017-05-24 05:25:53 configure perl-base:armhf 5.14.2-21+deb7u3 <none>
2017-05-24 05:25:53 status unpacked perl-base:armhf 5.14.2-21+deb7u3
2017-05-24 05:25:53 status half-configured perl-base:armhf 5.14.2-21+deb7u3
2017-05-24 05:25:53 status installed perl-base:armhf 5.14.2-21+deb7u3
2017-05-24 05:25:53 configure diffutils:armhf 1:3.2-6 <none>
2017-05-24 05:25:53 status unpacked diffutils:armhf 1:3.2-6
2017-05-24 05:25:53 status half-configured diffutils:armhf 1:3.2-6
2017-05-24 05:25:53 status installed diffutils:armhf 1:3.2-6
2017-05-24 05:25:53 configure libtext-iconv-perl:armhf 1.7-5 <none>
2017-05-24 05:25:53 status unpacked libtext-iconv-perl:armhf 1.7-5
2017-05-24 05:25:53 status half-configured libtext-iconv-perl:armhf 1.7-5
2017-05-24 05:25:53 status installed libtext-iconv-perl:armhf 1.7-5
2017-05-24 05:25:53 configure sed:armhf 4.2.1-10 <none>
2017-05-24 05:25:53 status unpacked sed:armhf 4.2.1-10
2017-05-24 05:25:53 status half-configured sed:armhf 4.2.1-10
2017-05-24 05:25:53 status installed sed:armhf 4.2.1-10
2017-05-24 05:25:53 configure grep:armhf 2.12-2 <none>
2017-05-24 05:25:53 status unpacked grep:armhf 2.12-2
2017-05-24 05:25:53 status half-configured grep:armhf 2.12-2
2017-05-24 05:25:53 status installed grep:armhf 2.12-2
2017-05-24 05:25:53 configure findutils:armhf 4.4.2-4 <none>
2017-05-24 05:25:53 status unpacked findutils:armhf 4.4.2-4
2017-05-24 05:25:53 status half-configured findutils:armhf 4.4.2-4
2017-05-24 05:25:53 status installed findutils:armhf 4.4.2-4
2017-05-24 05:25:53 configure gzip:armhf 1.5-1.1 <none>
2017-05-24 05:25:53 status unpacked gzip:armhf 1.5-1.1
2017-05-24 05:25:53 status half-configured gzip:armhf 1.5-1.1
2017-05-24 05:25:53 status installed gzip:armhf 1.5-1.1
2017-05-24 05:25:53 configure liblocale-gettext-perl:armhf 1.05-7+b3 <none>
2017-05-24 05:25:53 status unpacked liblocale-gettext-perl:armhf 1.05-7+b3
2017-05-24 05:25:53 status half-configured liblocale-gettext-perl:armhf 1.05-7+b3
2017-05-24 05:25:53 status installed liblocale-gettext-perl:armhf 1.05-7+b3
2017-05-24 05:25:53 configure bash:armhf 4.2+dfsg-0.1+deb7u3 <none>
2017-05-24 05:25:53 status unpacked bash:armhf 4.2+dfsg-0.1+deb7u3
2017-05-24 05:25:53 status unpacked bash:armhf 4.2+dfsg-0.1+deb7u3
2017-05-24 05:25:53 status unpacked bash:armhf 4.2+dfsg-0.1+deb7u3
2017-05-24 05:25:53 status unpacked bash:armhf 4.2+dfsg-0.1+deb7u3
2017-05-24 05:25:53 status unpacked bash:armhf 4.2+dfsg-0.1+deb7u3
2017-05-24 05:25:53 status half-configured bash:armhf 4.2+dfsg-0.1+deb7u3
2017-05-24 05:25:54 status installed bash:armhf 4.2+dfsg-0.1+deb7u3
2017-05-24 05:25:54 configure libtext-charwidth-perl:armhf 0.04-7+b2 <none>
2017-05-24 05:25:54 status unpacked libtext-charwidth-perl:armhf 0.04-7+b2
2017-05-24 05:25:54 status half-configured libtext-charwidth-perl:armhf 0.04-7+b2
2017-05-24 05:25:54 status installed libtext-charwidth-perl:armhf 0.04-7+b2
2017-05-24 05:25:54 configure libtext-wrapi18n-perl:all 0.06-7 <none>
2017-05-24 05:25:54 status unpacked libtext-wrapi18n-perl:all 0.06-7
2017-05-24 05:25:54 status half-configured libtext-wrapi18n-perl:all 0.06-7
2017-05-24 05:25:54 status installed libtext-wrapi18n-perl:all 0.06-7
2017-05-24 05:25:54 configure debconf:all 1.5.49 <none>
2017-05-24 05:25:54 status unpacked debconf:all 1.5.49
2017-05-24 05:25:54 status unpacked debconf:all 1.5.49
2017-05-24 05:25:54 status unpacked debconf:all 1.5.49
2017-05-24 05:25:54 status unpacked debconf:all 1.5.49
2017-05-24 05:25:54 status half-configured debconf:all 1.5.49
2017-05-24 05:25:55 status installed debconf:all 1.5.49
2017-05-24 05:25:55 configure libpam0g:armhf 1.1.3-7.1 <none>
2017-05-24 05:25:55 status unpacked libpam0g:armhf 1.1.3-7.1
2017-05-24 05:25:55 status half-configured libpam0g:armhf 1.1.3-7.1
2017-05-24 05:25:56 status installed libpam0g:armhf 1.1.3-7.1
2017-05-24 05:25:56 configure sysv-rc:all 2.88dsf-41+deb7u1 <none>
2017-05-24 05:25:56 status unpacked sysv-rc:all 2.88dsf-41+deb7u1
2017-05-24 05:25:56 status half-configured sysv-rc:all 2.88dsf-41+deb7u1
2017-05-24 05:25:56 status installed sysv-rc:all 2.88dsf-41+deb7u1
2017-05-24 05:25:56 configure tzdata:all 2016d-0+deb7u1 <none>
2017-05-24 05:25:56 status unpacked tzdata:all 2016d-0+deb7u1
2017-05-24 05:25:56 status half-configured tzdata:all 2016d-0+deb7u1
2017-05-24 05:25:57 status installed tzdata:all 2016d-0+deb7u1
2017-05-24 05:25:57 configure debconf-i18n:all 1.5.49 <none>
2017-05-24 05:25:57 status unpacked debconf-i18n:all 1.5.49
2017-05-24 05:25:57 status half-configured debconf-i18n:all 1.5.49
2017-05-24 05:25:58 status installed debconf-i18n:all 1.5.49
2017-05-24 05:25:58 configure initscripts:armhf 2.88dsf-41+deb7u1 <none>
2017-05-24 05:25:58 status unpacked initscripts:armhf 2.88dsf-41+deb7u1
2017-05-24 05:25:58 status unpacked initscripts:armhf 2.88dsf-41+deb7u1
2017-05-24 05:25:58 status unpacked initscripts:armhf 2.88dsf-41+deb7u1
2017-05-24 05:25:58 status unpacked initscripts:armhf 2.88dsf-41+deb7u1
2017-05-24 05:25:58 status unpacked initscripts:armhf 2.88dsf-41+deb7u1
2017-05-24 05:25:58 status unpacked initscripts:armhf 2.88dsf-41+deb7u1
2017-05-24 05:25:58 status unpacked initscripts:armhf 2.88dsf-41+deb7u1
2017-05-24 05:25:58 status unpacked initscripts:armhf 2.88dsf-41+deb7u1
2017-05-24 05:25:58 status unpacked initscripts:armhf 2.88dsf-41+deb7u1
2017-05-24 05:25:58 status unpacked initscripts:armhf 2.88dsf-41+deb7u1
2017-05-24 05:25:58 status unpacked initscripts:armhf 2.88dsf-41+deb7u1
2017-05-24 05:25:58 status unpacked initscripts:armhf 2.88dsf-41+deb7u1
2017-05-24 05:25:58 status unpacked initscripts:armhf 2.88dsf-41+deb7u1
2017-05-24 05:25:58 status unpacked initscripts:armhf 2.88dsf-41+deb7u1
2017-05-24 05:25:58 status unpacked initscripts:armhf 2.88dsf-41+deb7u1
2017-05-24 05:25:58 status unpacked initscripts:armhf 2.88dsf-41+deb7u1
2017-05-24 05:25:58 status unpacked initscripts:armhf 2.88dsf-41+deb7u1
2017-05-24 05:25:58 status unpacked initscripts:armhf 2.88dsf-41+deb7u1
2017-05-24 05:25:58 status unpacked initscripts:armhf 2.88dsf-41+deb7u1
2017-05-24 05:25:58 status unpacked initscripts:armhf 2.88dsf-41+deb7u1
2017-05-24 05:25:58 status unpacked initscripts:armhf 2.88dsf-41+deb7u1
2017-05-24 05:25:58 status unpacked initscripts:armhf 2.88dsf-41+deb7u1
2017-05-24 05:25:58 status unpacked initscripts:armhf 2.88dsf-41+deb7u1
2017-05-24 05:25:58 status unpacked initscripts:armhf 2.88dsf-41+deb7u1
2017-05-24 05:25:58 status unpacked initscripts:armhf 2.88dsf-41+deb7u1
2017-05-24 05:25:58 status unpacked initscripts:armhf 2.88dsf-41+deb7u1
2017-05-24 05:25:58 status unpacked initscripts:armhf 2.88dsf-41+deb7u1
2017-05-24 05:25:58 status unpacked initscripts:armhf 2.88dsf-41+deb7u1
2017-05-24 05:25:58 status unpacked initscripts:armhf 2.88dsf-41+deb7u1
2017-05-24 05:25:58 status unpacked initscripts:armhf 2.88dsf-41+deb7u1
2017-05-24 05:25:58 status unpacked initscripts:armhf 2.88dsf-41+deb7u1
2017-05-24 05:25:58 status half-configured initscripts:armhf 2.88dsf-41+deb7u1
2017-05-24 05:26:07 status installed initscripts:armhf 2.88dsf-41+deb7u1
2017-05-24 05:26:07 configure libpam-modules-bin:armhf 1.1.3-7.1 <none>
2017-05-24 05:26:07 status unpacked libpam-modules-bin:armhf 1.1.3-7.1
2017-05-24 05:26:07 status half-configured libpam-modules-bin:armhf 1.1.3-7.1
2017-05-24 05:26:07 status installed libpam-modules-bin:armhf 1.1.3-7.1
2017-05-24 05:26:07 configure libpam-modules:armhf 1.1.3-7.1 <none>
2017-05-24 05:26:07 status unpacked libpam-modules:armhf 1.1.3-7.1
2017-05-24 05:26:07 status unpacked libpam-modules:armhf 1.1.3-7.1
2017-05-24 05:26:07 status unpacked libpam-modules:armhf 1.1.3-7.1
2017-05-24 05:26:07 status unpacked libpam-modules:armhf 1.1.3-7.1
2017-05-24 05:26:07 status unpacked libpam-modules:armhf 1.1.3-7.1
2017-05-24 05:26:07 status unpacked libpam-modules:armhf 1.1.3-7.1
2017-05-24 05:26:07 status unpacked libpam-modules:armhf 1.1.3-7.1
2017-05-24 05:26:07 status unpacked libpam-modules:armhf 1.1.3-7.1
2017-05-24 05:26:07 status unpacked libpam-modules:armhf 1.1.3-7.1
2017-05-24 05:26:07 status half-configured libpam-modules:armhf 1.1.3-7.1
2017-05-24 05:26:07 status installed libpam-modules:armhf 1.1.3-7.1
2017-05-24 05:26:07 configure passwd:armhf 1:4.1.5.1-1 <none>
2017-05-24 05:26:07 status unpacked passwd:armhf 1:4.1.5.1-1
2017-05-24 05:26:07 status unpacked passwd:armhf 1:4.1.5.1-1
2017-05-24 05:26:07 status unpacked passwd:armhf 1:4.1.5.1-1
2017-05-24 05:26:07 status unpacked passwd:armhf 1:4.1.5.1-1
2017-05-24 05:26:07 status unpacked passwd:armhf 1:4.1.5.1-1
2017-05-24 05:26:07 status unpacked passwd:armhf 1:4.1.5.1-1
2017-05-24 05:26:07 status unpacked passwd:armhf 1:4.1.5.1-1
2017-05-24 05:26:07 status unpacked passwd:armhf 1:4.1.5.1-1
2017-05-24 05:26:07 status half-configured passwd:armhf 1:4.1.5.1-1
2017-05-24 05:26:07 status installed passwd:armhf 1:4.1.5.1-1
2017-05-24 05:26:07 configure libpam-runtime:all 1.1.3-7.1 <none>
2017-05-24 05:26:07 status unpacked libpam-runtime:all 1.1.3-7.1
2017-05-24 05:26:08 status unpacked libpam-runtime:all 1.1.3-7.1
2017-05-24 05:26:08 status unpacked libpam-runtime:all 1.1.3-7.1
2017-05-24 05:26:08 status half-configured libpam-runtime:all 1.1.3-7.1
2017-05-24 05:26:09 status installed libpam-runtime:all 1.1.3-7.1
2017-05-24 05:26:09 configure sysvinit:armhf 2.88dsf-41+deb7u1 <none>
2017-05-24 05:26:09 status unpacked sysvinit:armhf 2.88dsf-41+deb7u1
2017-05-24 05:26:09 status half-configured sysvinit:armhf 2.88dsf-41+deb7u1
2017-05-24 05:26:09 status installed sysvinit:armhf 2.88dsf-41+deb7u1
2017-05-24 05:26:09 configure login:armhf 1:4.1.5.1-1 <none>
2017-05-24 05:26:09 status unpacked login:armhf 1:4.1.5.1-1
2017-05-24 05:26:09 status unpacked login:armhf 1:4.1.5.1-1
2017-05-24 05:26:09 status unpacked login:armhf 1:4.1.5.1-1
2017-05-24 05:26:09 status unpacked login:armhf 1:4.1.5.1-1
2017-05-24 05:26:09 status unpacked login:armhf 1:4.1.5.1-1
2017-05-24 05:26:09 status half-configured login:armhf 1:4.1.5.1-1
2017-05-24 05:26:09 status installed login:armhf 1:4.1.5.1-1
2017-05-24 05:26:09 configure libuuid1:armhf 2.20.1-5.3 <none>
2017-05-24 05:26:09 status unpacked libuuid1:armhf 2.20.1-5.3
2017-05-24 05:26:09 status half-configured libuuid1:armhf 2.20.1-5.3
2017-05-24 05:26:09 status installed libuuid1:armhf 2.20.1-5.3
2017-05-24 05:26:09 configure libblkid1:armhf 2.20.1-5.3 <none>
2017-05-24 05:26:09 status unpacked libblkid1:armhf 2.20.1-5.3
2017-05-24 05:26:09 status half-configured libblkid1:armhf 2.20.1-5.3
2017-05-24 05:26:09 status installed libblkid1:armhf 2.20.1-5.3
2017-05-24 05:26:09 configure util-linux:armhf 2.20.1-5.3 <none>
2017-05-24 05:26:09 status unpacked util-linux:armhf 2.20.1-5.3
2017-05-24 05:26:09 status unpacked util-linux:armhf 2.20.1-5.3
2017-05-24 05:26:09 status unpacked util-linux:armhf 2.20.1-5.3
2017-05-24 05:26:09 status half-configured util-linux:armhf 2.20.1-5.3
2017-05-24 05:26:10 status installed util-linux:armhf 2.20.1-5.3
2017-05-24 05:26:10 configure libmount1:armhf 2.20.1-5.3 <none>
2017-05-24 05:26:10 status unpacked libmount1:armhf 2.20.1-5.3
2017-05-24 05:26:10 status half-configured libmount1:armhf 2.20.1-5.3
2017-05-24 05:26:10 status installed libmount1:armhf 2.20.1-5.3
2017-05-24 05:26:10 configure mount:armhf 2.20.1-5.3 <none>
2017-05-24 05:26:10 status unpacked mount:armhf 2.20.1-5.3
2017-05-24 05:26:10 status half-configured mount:armhf 2.20.1-5.3
2017-05-24 05:26:10 status installed mount:armhf 2.20.1-5.3
2017-05-24 05:26:10 configure e2fsprogs:armhf 1.42.5-1.1+deb7u1 <none>
2017-05-24 05:26:10 status unpacked e2fsprogs:armhf 1.42.5-1.1+deb7u1
2017-05-24 05:26:10 status unpacked e2fsprogs:armhf 1.42.5-1.1+deb7u1
2017-05-24 05:26:10 status half-configured e2fsprogs:armhf 1.42.5-1.1+deb7u1
2017-05-24 05:26:10 status installed e2fsprogs:armhf 1.42.5-1.1+deb7u1
2017-05-24 05:26:11 startup archives unpack
2017-05-24 05:26:11 install adduser:all <none> 3.113+nmu3
2017-05-24 05:26:11 status half-installed adduser:all 3.113+nmu3
2017-05-24 05:26:11 status unpacked adduser:all 3.113+nmu3
2017-05-24 05:26:11 status unpacked adduser:all 3.113+nmu3
2017-05-24 05:26:11 install apt:armhf <none> 0.9.7.9+deb7u7
2017-05-24 05:26:11 status half-installed apt:armhf 0.9.7.9+deb7u7
2017-05-24 05:26:12 status unpacked apt:armhf 0.9.7.9+deb7u7
2017-05-24 05:26:12 status unpacked apt:armhf 0.9.7.9+deb7u7
2017-05-24 05:26:12 install apt-transport-https:armhf <none> 0.9.7.9+deb7u7
2017-05-24 05:26:12 status half-installed apt-transport-https:armhf 0.9.7.9+deb7u7
2017-05-24 05:26:12 status unpacked apt-transport-https:armhf 0.9.7.9+deb7u7
2017-05-24 05:26:12 status unpacked apt-transport-https:armhf 0.9.7.9+deb7u7
2017-05-24 05:26:12 install apt-utils:armhf <none> 0.9.7.9+deb7u7
2017-05-24 05:26:12 status half-installed apt-utils:armhf 0.9.7.9+deb7u7
2017-05-24 05:26:12 status unpacked apt-utils:armhf 0.9.7.9+deb7u7
2017-05-24 05:26:12 status unpacked apt-utils:armhf 0.9.7.9+deb7u7
2017-05-24 05:26:12 install libapt-inst1.5:armhf <none> 0.9.7.9+deb7u7
2017-05-24 05:26:12 status half-installed libapt-inst1.5:armhf 0.9.7.9+deb7u7
2017-05-24 05:26:12 status unpacked libapt-inst1.5:armhf 0.9.7.9+deb7u7
2017-05-24 05:26:12 status unpacked libapt-inst1.5:armhf 0.9.7.9+deb7u7
2017-05-24 05:26:12 install libapt-pkg4.12:armhf <none> 0.9.7.9+deb7u7
2017-05-24 05:26:12 status half-installed libapt-pkg4.12:armhf 0.9.7.9+deb7u7
2017-05-24 05:26:12 status unpacked libapt-pkg4.12:armhf 0.9.7.9+deb7u7
2017-05-24 05:26:12 status unpacked libapt-pkg4.12:armhf 0.9.7.9+deb7u7
2017-05-24 05:26:13 install aptitude:armhf <none> 0.6.8.2-1
2017-05-24 05:26:13 status half-installed aptitude:armhf 0.6.8.2-1
2017-05-24 05:26:13 status unpacked aptitude:armhf 0.6.8.2-1
2017-05-24 05:26:13 status unpacked aptitude:armhf 0.6.8.2-1
2017-05-24 05:26:13 install aptitude-common:all <none> 0.6.8.2-1
2017-05-24 05:26:13 status half-installed aptitude-common:all 0.6.8.2-1
2017-05-24 05:26:15 status unpacked aptitude-common:all 0.6.8.2-1
2017-05-24 05:26:15 status unpacked aptitude-common:all 0.6.8.2-1
2017-05-24 05:26:15 install libboost-iostreams1.49.0:armhf <none> 1.49.0-3.2
2017-05-24 05:26:15 status half-installed libboost-iostreams1.49.0:armhf 1.49.0-3.2
2017-05-24 05:26:15 status unpacked libboost-iostreams1.49.0:armhf 1.49.0-3.2
2017-05-24 05:26:15 status unpacked libboost-iostreams1.49.0:armhf 1.49.0-3.2
2017-05-24 05:26:15 install bsdmainutils:armhf <none> 9.0.3
2017-05-24 05:26:15 status half-installed bsdmainutils:armhf 9.0.3
2017-05-24 05:26:15 status unpacked bsdmainutils:armhf 9.0.3
2017-05-24 05:26:15 status unpacked bsdmainutils:armhf 9.0.3
2017-05-24 05:26:15 install ca-certificates:all <none> 20130119+deb7u1
2017-05-24 05:26:15 status half-installed ca-certificates:all 20130119+deb7u1
2017-05-24 05:26:15 status unpacked ca-certificates:all 20130119+deb7u1
2017-05-24 05:26:15 status unpacked ca-certificates:all 20130119+deb7u1
2017-05-24 05:26:16 install cpio:armhf <none> 2.11+dfsg-0.1+deb7u2
2017-05-24 05:26:16 status half-installed cpio:armhf 2.11+dfsg-0.1+deb7u2
2017-05-24 05:26:16 status unpacked cpio:armhf 2.11+dfsg-0.1+deb7u2
2017-05-24 05:26:16 status unpacked cpio:armhf 2.11+dfsg-0.1+deb7u2
2017-05-24 05:26:16 install cron:armhf <none> 3.0pl1-124
2017-05-24 05:26:16 status half-installed cron:armhf 3.0pl1-124
2017-05-24 05:26:16 status unpacked cron:armhf 3.0pl1-124
2017-05-24 05:26:16 status unpacked cron:armhf 3.0pl1-124
2017-05-24 05:26:16 install libcurl3-gnutls:armhf <none> 7.26.0-1+wheezy13
2017-05-24 05:26:16 status half-installed libcurl3-gnutls:armhf 7.26.0-1+wheezy13
2017-05-24 05:26:16 status unpacked libcurl3-gnutls:armhf 7.26.0-1+wheezy13
2017-05-24 05:26:16 status unpacked libcurl3-gnutls:armhf 7.26.0-1+wheezy13
2017-05-24 05:26:16 install libcwidget3:armhf <none> 0.5.16-3.4
2017-05-24 05:26:16 status half-installed libcwidget3:armhf 0.5.16-3.4
2017-05-24 05:26:16 status unpacked libcwidget3:armhf 0.5.16-3.4
2017-05-24 05:26:16 status unpacked libcwidget3:armhf 0.5.16-3.4
2017-05-24 05:26:16 install libsasl2-2:armhf <none> 2.1.25.dfsg1-6+deb7u1
2017-05-24 05:26:16 status half-installed libsasl2-2:armhf 2.1.25.dfsg1-6+deb7u1
2017-05-24 05:26:17 status unpacked libsasl2-2:armhf 2.1.25.dfsg1-6+deb7u1
2017-05-24 05:26:17 status unpacked libsasl2-2:armhf 2.1.25.dfsg1-6+deb7u1
2017-05-24 05:26:17 install debian-archive-keyring:all <none> 2014.3~deb7u1
2017-05-24 05:26:17 status half-installed debian-archive-keyring:all 2014.3~deb7u1
2017-05-24 05:26:17 status unpacked debian-archive-keyring:all 2014.3~deb7u1
2017-05-24 05:26:17 status unpacked debian-archive-keyring:all 2014.3~deb7u1
2017-05-24 05:26:17 install libstdc++6:armhf <none> 4.7.2-5
2017-05-24 05:26:17 status half-installed libstdc++6:armhf 4.7.2-5
2017-05-24 05:26:17 status unpacked libstdc++6:armhf 4.7.2-5
2017-05-24 05:26:17 status unpacked libstdc++6:armhf 4.7.2-5
2017-05-24 05:26:18 install libgdbm3:armhf <none> 1.8.3-11
2017-05-24 05:26:18 status half-installed libgdbm3:armhf 1.8.3-11
2017-05-24 05:26:18 status unpacked libgdbm3:armhf 1.8.3-11
2017-05-24 05:26:18 status unpacked libgdbm3:armhf 1.8.3-11
2017-05-24 05:26:18 install gnupg:armhf <none> 1.4.12-7+deb7u7
2017-05-24 05:26:18 status half-installed gnupg:armhf 1.4.12-7+deb7u7
2017-05-24 05:26:18 status unpacked gnupg:armhf 1.4.12-7+deb7u7
2017-05-24 05:26:18 status unpacked gnupg:armhf 1.4.12-7+deb7u7
2017-05-24 05:26:18 install gpgv:armhf <none> 1.4.12-7+deb7u7
2017-05-24 05:26:18 status half-installed gpgv:armhf 1.4.12-7+deb7u7
2017-05-24 05:26:18 status unpacked gpgv:armhf 1.4.12-7+deb7u7
2017-05-24 05:26:18 status unpacked gpgv:armhf 1.4.12-7+deb7u7
2017-05-24 05:26:18 install libgnutls26:armhf <none> 2.12.20-8+deb7u5
2017-05-24 05:26:18 status half-installed libgnutls26:armhf 2.12.20-8+deb7u5
2017-05-24 05:26:18 status unpacked libgnutls26:armhf 2.12.20-8+deb7u5
2017-05-24 05:26:18 status unpacked libgnutls26:armhf 2.12.20-8+deb7u5
2017-05-24 05:26:18 install groff-base:armhf <none> 1.21-9
2017-05-24 05:26:18 status half-installed groff-base:armhf 1.21-9
2017-05-24 05:26:19 status unpacked groff-base:armhf 1.21-9
2017-05-24 05:26:19 status unpacked groff-base:armhf 1.21-9
2017-05-24 05:26:19 install ifupdown:armhf <none> 0.7.8
2017-05-24 05:26:19 status half-installed ifupdown:armhf 0.7.8
2017-05-24 05:26:19 status unpacked ifupdown:armhf 0.7.8
2017-05-24 05:26:19 status unpacked ifupdown:armhf 0.7.8
2017-05-24 05:26:19 install iproute:armhf <none> 20120521-3+b3
2017-05-24 05:26:19 status half-installed iproute:armhf 20120521-3+b3
2017-05-24 05:26:20 status unpacked iproute:armhf 20120521-3+b3
2017-05-24 05:26:20 status unpacked iproute:armhf 20120521-3+b3
2017-05-24 05:26:20 install iptables:armhf <none> 1.4.14-3.1
2017-05-24 05:26:20 status half-installed iptables:armhf 1.4.14-3.1
2017-05-24 05:26:20 status unpacked iptables:armhf 1.4.14-3.1
2017-05-24 05:26:20 status unpacked iptables:armhf 1.4.14-3.1
2017-05-24 05:26:20 install iputils-ping:armhf <none> 3:20101006-1+b2
2017-05-24 05:26:20 status half-installed iputils-ping:armhf 3:20101006-1+b2
2017-05-24 05:26:20 status unpacked iputils-ping:armhf 3:20101006-1+b2
2017-05-24 05:26:20 status unpacked iputils-ping:armhf 3:20101006-1+b2
2017-05-24 05:26:20 install isc-dhcp-client:armhf <none> 4.2.2.dfsg.1-5+deb70u8
2017-05-24 05:26:20 status half-installed isc-dhcp-client:armhf 4.2.2.dfsg.1-5+deb70u8
2017-05-24 05:26:20 status unpacked isc-dhcp-client:armhf 4.2.2.dfsg.1-5+deb70u8
2017-05-24 05:26:20 status unpacked isc-dhcp-client:armhf 4.2.2.dfsg.1-5+deb70u8
2017-05-24 05:26:20 install isc-dhcp-common:armhf <none> 4.2.2.dfsg.1-5+deb70u8
2017-05-24 05:26:20 status half-installed isc-dhcp-common:armhf 4.2.2.dfsg.1-5+deb70u8
2017-05-24 05:26:20 status unpacked isc-dhcp-common:armhf 4.2.2.dfsg.1-5+deb70u8
2017-05-24 05:26:20 status unpacked isc-dhcp-common:armhf 4.2.2.dfsg.1-5+deb70u8
2017-05-24 05:26:21 install libkeyutils1:armhf <none> 1.5.5-3+deb7u1
2017-05-24 05:26:21 status half-installed libkeyutils1:armhf 1.5.5-3+deb7u1
2017-05-24 05:26:21 status unpacked libkeyutils1:armhf 1.5.5-3+deb7u1
2017-05-24 05:26:21 status unpacked libkeyutils1:armhf 1.5.5-3+deb7u1
2017-05-24 05:26:21 install kmod:armhf <none> 9-3
2017-05-24 05:26:21 status half-installed kmod:armhf 9-3
2017-05-24 05:26:21 status unpacked kmod:armhf 9-3
2017-05-24 05:26:21 status unpacked kmod:armhf 9-3
2017-05-24 05:26:21 install libkmod2:armhf <none> 9-3
2017-05-24 05:26:21 status half-installed libkmod2:armhf 9-3
2017-05-24 05:26:21 status unpacked libkmod2:armhf 9-3
2017-05-24 05:26:21 status unpacked libkmod2:armhf 9-3
2017-05-24 05:26:21 install libgssapi-krb5-2:armhf <none> 1.10.1+dfsg-5+deb7u7
2017-05-24 05:26:21 status half-installed libgssapi-krb5-2:armhf 1.10.1+dfsg-5+deb7u7
2017-05-24 05:26:21 status unpacked libgssapi-krb5-2:armhf 1.10.1+dfsg-5+deb7u7
2017-05-24 05:26:21 status unpacked libgssapi-krb5-2:armhf 1.10.1+dfsg-5+deb7u7
2017-05-24 05:26:21 install libk5crypto3:armhf <none> 1.10.1+dfsg-5+deb7u7
2017-05-24 05:26:21 status half-installed libk5crypto3:armhf 1.10.1+dfsg-5+deb7u7
2017-05-24 05:26:21 status unpacked libk5crypto3:armhf 1.10.1+dfsg-5+deb7u7
2017-05-24 05:26:21 status unpacked libk5crypto3:armhf 1.10.1+dfsg-5+deb7u7
2017-05-24 05:26:21 install libkrb5-3:armhf <none> 1.10.1+dfsg-5+deb7u7
2017-05-24 05:26:21 status half-installed libkrb5-3:armhf 1.10.1+dfsg-5+deb7u7
2017-05-24 05:26:21 status unpacked libkrb5-3:armhf 1.10.1+dfsg-5+deb7u7
2017-05-24 05:26:21 status unpacked libkrb5-3:armhf 1.10.1+dfsg-5+deb7u7
2017-05-24 05:26:22 install libkrb5support0:armhf <none> 1.10.1+dfsg-5+deb7u7
2017-05-24 05:26:22 status half-installed libkrb5support0:armhf 1.10.1+dfsg-5+deb7u7
2017-05-24 05:26:22 status unpacked libkrb5support0:armhf 1.10.1+dfsg-5+deb7u7
2017-05-24 05:26:22 status unpacked libkrb5support0:armhf 1.10.1+dfsg-5+deb7u7
2017-05-24 05:26:22 install libept1.4.12:armhf <none> 1.0.9
2017-05-24 05:26:22 status half-installed libept1.4.12:armhf 1.0.9
2017-05-24 05:26:22 status unpacked libept1.4.12:armhf 1.0.9
2017-05-24 05:26:22 status unpacked libept1.4.12:armhf 1.0.9
2017-05-24 05:26:22 install libgcrypt11:armhf <none> 1.5.0-5+deb7u4
2017-05-24 05:26:22 status half-installed libgcrypt11:armhf 1.5.0-5+deb7u4
2017-05-24 05:26:22 status unpacked libgcrypt11:armhf 1.5.0-5+deb7u4
2017-05-24 05:26:22 status unpacked libgcrypt11:armhf 1.5.0-5+deb7u4
2017-05-24 05:26:22 install libgpg-error0:armhf <none> 1.10-3.1
2017-05-24 05:26:22 status half-installed libgpg-error0:armhf 1.10-3.1
2017-05-24 05:26:22 status unpacked libgpg-error0:armhf 1.10-3.1
2017-05-24 05:26:22 status unpacked libgpg-error0:armhf 1.10-3.1
2017-05-24 05:26:22 install libidn11:armhf <none> 1.25-2
2017-05-24 05:26:22 status half-installed libidn11:armhf 1.25-2
2017-05-24 05:26:22 status unpacked libidn11:armhf 1.25-2
2017-05-24 05:26:22 status unpacked libidn11:armhf 1.25-2
2017-05-24 05:26:23 install libnfnetlink0:armhf <none> 1.0.0-1.1
2017-05-24 05:26:23 status half-installed libnfnetlink0:armhf 1.0.0-1.1
2017-05-24 05:26:23 status unpacked libnfnetlink0:armhf 1.0.0-1.1
2017-05-24 05:26:23 status unpacked libnfnetlink0:armhf 1.0.0-1.1
2017-05-24 05:26:23 install libpipeline1:armhf <none> 1.2.1-1
2017-05-24 05:26:23 status half-installed libpipeline1:armhf 1.2.1-1
2017-05-24 05:26:23 status unpacked libpipeline1:armhf 1.2.1-1
2017-05-24 05:26:23 status unpacked libpipeline1:armhf 1.2.1-1
2017-05-24 05:26:23 install libsigc++-2.0-0c2a:armhf <none> 2.2.10-0.2
2017-05-24 05:26:23 status half-installed libsigc++-2.0-0c2a:armhf 2.2.10-0.2
2017-05-24 05:26:23 status unpacked libsigc++-2.0-0c2a:armhf 2.2.10-0.2
2017-05-24 05:26:23 status unpacked libsigc++-2.0-0c2a:armhf 2.2.10-0.2
2017-05-24 05:26:23 install libssh2-1:armhf <none> 1.4.2-1.1+deb7u2
2017-05-24 05:26:23 status half-installed libssh2-1:armhf 1.4.2-1.1+deb7u2
2017-05-24 05:26:23 status unpacked libssh2-1:armhf 1.4.2-1.1+deb7u2
2017-05-24 05:26:23 status unpacked libssh2-1:armhf 1.4.2-1.1+deb7u2
2017-05-24 05:26:23 install libtasn1-3:armhf <none> 2.13-2+deb7u2
2017-05-24 05:26:23 status half-installed libtasn1-3:armhf 2.13-2+deb7u2
2017-05-24 05:26:23 status unpacked libtasn1-3:armhf 2.13-2+deb7u2
2017-05-24 05:26:23 status unpacked libtasn1-3:armhf 2.13-2+deb7u2
2017-05-24 05:26:23 install libusb-0.1-4:armhf <none> 2:0.1.12-20+nmu1
2017-05-24 05:26:23 status half-installed libusb-0.1-4:armhf 2:0.1.12-20+nmu1
2017-05-24 05:26:23 status unpacked libusb-0.1-4:armhf 2:0.1.12-20+nmu1
2017-05-24 05:26:23 status unpacked libusb-0.1-4:armhf 2:0.1.12-20+nmu1
2017-05-24 05:26:24 install logrotate:armhf <none> 3.8.1-4
2017-05-24 05:26:24 status half-installed logrotate:armhf 3.8.1-4
2017-05-24 05:26:24 status unpacked logrotate:armhf 3.8.1-4
2017-05-24 05:26:24 status unpacked logrotate:armhf 3.8.1-4
2017-05-24 05:26:24 install man-db:armhf <none> 2.6.2-1
2017-05-24 05:26:24 status half-installed man-db:armhf 2.6.2-1
2017-05-24 05:26:24 status unpacked man-db:armhf 2.6.2-1
2017-05-24 05:26:24 status unpacked man-db:armhf 2.6.2-1
2017-05-24 05:26:24 install manpages:all <none> 3.44-1
2017-05-24 05:26:24 status half-installed manpages:all 3.44-1
2017-05-24 05:26:24 status unpacked manpages:all 3.44-1
2017-05-24 05:26:24 status unpacked manpages:all 3.44-1
2017-05-24 05:26:24 install nano:armhf <none> 2.2.6-1+b2
2017-05-24 05:26:24 status half-installed nano:armhf 2.2.6-1+b2
2017-05-24 05:26:24 status unpacked nano:armhf 2.2.6-1+b2
2017-05-24 05:26:24 status unpacked nano:armhf 2.2.6-1+b2
2017-05-24 05:26:25 install libncursesw5:armhf <none> 5.9-10
2017-05-24 05:26:25 status half-installed libncursesw5:armhf 5.9-10
2017-05-24 05:26:25 status unpacked libncursesw5:armhf 5.9-10
2017-05-24 05:26:25 status unpacked libncursesw5:armhf 5.9-10
2017-05-24 05:26:25 install net-tools:armhf <none> 1.60-24.2
2017-05-24 05:26:25 status half-installed net-tools:armhf 1.60-24.2
2017-05-24 05:26:25 status unpacked net-tools:armhf 1.60-24.2
2017-05-24 05:26:25 status unpacked net-tools:armhf 1.60-24.2
2017-05-24 05:26:25 install netbase:all <none> 5.0
2017-05-24 05:26:25 status half-installed netbase:all 5.0
2017-05-24 05:26:25 status unpacked netbase:all 5.0
2017-05-24 05:26:25 status unpacked netbase:all 5.0
2017-05-24 05:26:25 install netcat-traditional:armhf <none> 1.10-40
2017-05-24 05:26:25 status half-installed netcat-traditional:armhf 1.10-40
2017-05-24 05:26:25 status unpacked netcat-traditional:armhf 1.10-40
2017-05-24 05:26:25 status unpacked netcat-traditional:armhf 1.10-40
2017-05-24 05:26:25 install libnewt0.52:armhf <none> 0.52.14-11.1
2017-05-24 05:26:25 status half-installed libnewt0.52:armhf 0.52.14-11.1
2017-05-24 05:26:26 status unpacked libnewt0.52:armhf 0.52.14-11.1
2017-05-24 05:26:26 status unpacked libnewt0.52:armhf 0.52.14-11.1
2017-05-24 05:26:26 install whiptail:armhf <none> 0.52.14-11.1
2017-05-24 05:26:26 status half-installed whiptail:armhf 0.52.14-11.1
2017-05-24 05:26:26 status unpacked whiptail:armhf 0.52.14-11.1
2017-05-24 05:26:26 status unpacked whiptail:armhf 0.52.14-11.1
2017-05-24 05:26:26 install libldap-2.4-2:armhf <none> 2.4.31-2+deb7u2
2017-05-24 05:26:26 status half-installed libldap-2.4-2:armhf 2.4.31-2+deb7u2
2017-05-24 05:26:26 status unpacked libldap-2.4-2:armhf 2.4.31-2+deb7u2
2017-05-24 05:26:26 status unpacked libldap-2.4-2:armhf 2.4.31-2+deb7u2
2017-05-24 05:26:26 install libssl1.0.0:armhf <none> 1.0.1e-2+deb7u20
2017-05-24 05:26:26 status half-installed libssl1.0.0:armhf 1.0.1e-2+deb7u20
2017-05-24 05:26:26 status unpacked libssl1.0.0:armhf 1.0.1e-2+deb7u20
2017-05-24 05:26:26 status unpacked libssl1.0.0:armhf 1.0.1e-2+deb7u20
2017-05-24 05:26:26 install openssl:armhf <none> 1.0.1e-2+deb7u20
2017-05-24 05:26:26 status half-installed openssl:armhf 1.0.1e-2+deb7u20
2017-05-24 05:26:26 status unpacked openssl:armhf 1.0.1e-2+deb7u20
2017-05-24 05:26:26 status unpacked openssl:armhf 1.0.1e-2+deb7u20
2017-05-24 05:26:26 install libp11-kit0:armhf <none> 0.12-3
2017-05-24 05:26:26 status half-installed libp11-kit0:armhf 0.12-3
2017-05-24 05:26:26 status unpacked libp11-kit0:armhf 0.12-3
2017-05-24 05:26:26 status unpacked libp11-kit0:armhf 0.12-3
2017-05-24 05:26:27 install libpopt0:armhf <none> 1.16-7
2017-05-24 05:26:27 status half-installed libpopt0:armhf 1.16-7
2017-05-24 05:26:27 status unpacked libpopt0:armhf 1.16-7
2017-05-24 05:26:27 status unpacked libpopt0:armhf 1.16-7
2017-05-24 05:26:27 install libprocps0:armhf <none> 1:3.3.3-3
2017-05-24 05:26:27 status half-installed libprocps0:armhf 1:3.3.3-3
2017-05-24 05:26:27 status unpacked libprocps0:armhf 1:3.3.3-3
2017-05-24 05:26:27 status unpacked libprocps0:armhf 1:3.3.3-3
2017-05-24 05:26:27 install procps:armhf <none> 1:3.3.3-3
2017-05-24 05:26:27 status half-installed procps:armhf 1:3.3.3-3
2017-05-24 05:26:27 status unpacked procps:armhf 1:3.3.3-3
2017-05-24 05:26:27 status unpacked procps:armhf 1:3.3.3-3
2017-05-24 05:26:27 install libreadline6:armhf <none> 6.2+dfsg-0.1
2017-05-24 05:26:27 status half-installed libreadline6:armhf 6.2+dfsg-0.1
2017-05-24 05:26:27 status unpacked libreadline6:armhf 6.2+dfsg-0.1
2017-05-24 05:26:27 status unpacked libreadline6:armhf 6.2+dfsg-0.1
2017-05-24 05:26:27 install readline-common:all <none> 6.2+dfsg-0.1
2017-05-24 05:26:27 status half-installed readline-common:all 6.2+dfsg-0.1
2017-05-24 05:26:27 status unpacked readline-common:all 6.2+dfsg-0.1
2017-05-24 05:26:27 status unpacked readline-common:all 6.2+dfsg-0.1
2017-05-24 05:26:27 install rsyslog:armhf <none> 5.8.11-3+deb7u2
2017-05-24 05:26:27 status half-installed rsyslog:armhf 5.8.11-3+deb7u2
2017-05-24 05:26:28 status unpacked rsyslog:armhf 5.8.11-3+deb7u2
2017-05-24 05:26:28 status unpacked rsyslog:armhf 5.8.11-3+deb7u2
2017-05-24 05:26:28 install librtmp0:armhf <none> 2.4+20111222.git4e06e21-1
2017-05-24 05:26:28 status half-installed librtmp0:armhf 2.4+20111222.git4e06e21-1
2017-05-24 05:26:28 status unpacked librtmp0:armhf 2.4+20111222.git4e06e21-1
2017-05-24 05:26:28 status unpacked librtmp0:armhf 2.4+20111222.git4e06e21-1
2017-05-24 05:26:28 install libsqlite3-0:armhf <none> 3.7.13-1+deb7u2
2017-05-24 05:26:28 status half-installed libsqlite3-0:armhf 3.7.13-1+deb7u2
2017-05-24 05:26:28 status unpacked libsqlite3-0:armhf 3.7.13-1+deb7u2
2017-05-24 05:26:28 status unpacked libsqlite3-0:armhf 3.7.13-1+deb7u2
2017-05-24 05:26:28 install tasksel:all <none> 3.14.1
2017-05-24 05:26:28 status half-installed tasksel:all 3.14.1
2017-05-24 05:26:28 status unpacked tasksel:all 3.14.1
2017-05-24 05:26:28 status unpacked tasksel:all 3.14.1
2017-05-24 05:26:28 install tasksel-data:all <none> 3.14.1
2017-05-24 05:26:28 status half-installed tasksel-data:all 3.14.1
2017-05-24 05:26:28 status unpacked tasksel-data:all 3.14.1
2017-05-24 05:26:28 status unpacked tasksel-data:all 3.14.1
2017-05-24 05:26:28 install info:armhf <none> 4.13a.dfsg.1-10
2017-05-24 05:26:28 status half-installed info:armhf 4.13a.dfsg.1-10
2017-05-24 05:26:28 status unpacked info:armhf 4.13a.dfsg.1-10
2017-05-24 05:26:28 status unpacked info:armhf 4.13a.dfsg.1-10
2017-05-24 05:26:29 install install-info:armhf <none> 4.13a.dfsg.1-10
2017-05-24 05:26:29 status half-installed install-info:armhf 4.13a.dfsg.1-10
2017-05-24 05:26:29 status unpacked install-info:armhf 4.13a.dfsg.1-10
2017-05-24 05:26:29 status unpacked install-info:armhf 4.13a.dfsg.1-10
2017-05-24 05:26:29 install traceroute:armhf <none> 1:2.0.18-3
2017-05-24 05:26:29 status half-installed traceroute:armhf 1:2.0.18-3
2017-05-24 05:26:29 status unpacked traceroute:armhf 1:2.0.18-3
2017-05-24 05:26:29 status unpacked traceroute:armhf 1:2.0.18-3
2017-05-24 05:26:29 install libudev0:armhf <none> 175-7.2
2017-05-24 05:26:29 status half-installed libudev0:armhf 175-7.2
2017-05-24 05:26:29 status unpacked libudev0:armhf 175-7.2
2017-05-24 05:26:29 status unpacked libudev0:armhf 175-7.2
2017-05-24 05:26:29 install udev:armhf <none> 175-7.2
2017-05-24 05:26:29 status half-installed udev:armhf 175-7.2
2017-05-24 05:26:31 status unpacked udev:armhf 175-7.2
2017-05-24 05:26:31 status unpacked udev:armhf 175-7.2
2017-05-24 05:26:31 install vim-common:armhf <none> 2:7.3.547-7
2017-05-24 05:26:31 status half-installed vim-common:armhf 2:7.3.547-7
2017-05-24 05:26:31 status unpacked vim-common:armhf 2:7.3.547-7
2017-05-24 05:26:31 status unpacked vim-common:armhf 2:7.3.547-7
2017-05-24 05:26:31 install vim-tiny:armhf <none> 2:7.3.547-7
2017-05-24 05:26:31 status half-installed vim-tiny:armhf 2:7.3.547-7
2017-05-24 05:26:31 status unpacked vim-tiny:armhf 2:7.3.547-7
2017-05-24 05:26:31 status unpacked vim-tiny:armhf 2:7.3.547-7
2017-05-24 05:26:31 install wget:armhf <none> 1.13.4-3+deb7u2
2017-05-24 05:26:31 status half-installed wget:armhf 1.13.4-3+deb7u2
2017-05-24 05:26:32 status unpacked wget:armhf 1.13.4-3+deb7u2
2017-05-24 05:26:32 status unpacked wget:armhf 1.13.4-3+deb7u2
2017-05-24 05:26:32 install libxapian22:armhf <none> 1.2.12-2+deb7u1
2017-05-24 05:26:32 status half-installed libxapian22:armhf 1.2.12-2+deb7u1
2017-05-24 05:26:32 status unpacked libxapian22:armhf 1.2.12-2+deb7u1
2017-05-24 05:26:32 status unpacked libxapian22:armhf 1.2.12-2+deb7u1
2017-05-24 05:26:32 startup packages configure
2017-05-24 05:26:32 configure gpgv:armhf 1.4.12-7+deb7u7 <none>
2017-05-24 05:26:32 status unpacked gpgv:armhf 1.4.12-7+deb7u7
2017-05-24 05:26:32 status half-configured gpgv:armhf 1.4.12-7+deb7u7
2017-05-24 05:26:32 status installed gpgv:armhf 1.4.12-7+deb7u7
2017-05-24 05:26:32 configure libssl1.0.0:armhf 1.0.1e-2+deb7u20 <none>
2017-05-24 05:26:32 status unpacked libssl1.0.0:armhf 1.0.1e-2+deb7u20
2017-05-24 05:26:32 status half-configured libssl1.0.0:armhf 1.0.1e-2+deb7u20
2017-05-24 05:26:33 status installed libssl1.0.0:armhf 1.0.1e-2+deb7u20
2017-05-24 05:26:33 configure libgdbm3:armhf 1.8.3-11 <none>
2017-05-24 05:26:33 status unpacked libgdbm3:armhf 1.8.3-11
2017-05-24 05:26:33 status half-configured libgdbm3:armhf 1.8.3-11
2017-05-24 05:26:33 status installed libgdbm3:armhf 1.8.3-11
2017-05-24 05:26:33 configure isc-dhcp-common:armhf 4.2.2.dfsg.1-5+deb70u8 <none>
2017-05-24 05:26:33 status unpacked isc-dhcp-common:armhf 4.2.2.dfsg.1-5+deb70u8
2017-05-24 05:26:33 status half-configured isc-dhcp-common:armhf 4.2.2.dfsg.1-5+deb70u8
2017-05-24 05:26:33 status installed isc-dhcp-common:armhf 4.2.2.dfsg.1-5+deb70u8
2017-05-24 05:26:33 configure libtasn1-3:armhf 2.13-2+deb7u2 <none>
2017-05-24 05:26:33 status unpacked libtasn1-3:armhf 2.13-2+deb7u2
2017-05-24 05:26:33 status half-configured libtasn1-3:armhf 2.13-2+deb7u2
2017-05-24 05:26:33 status installed libtasn1-3:armhf 2.13-2+deb7u2
2017-05-24 05:26:33 configure libpopt0:armhf 1.16-7 <none>
2017-05-24 05:26:33 status unpacked libpopt0:armhf 1.16-7
2017-05-24 05:26:33 status half-configured libpopt0:armhf 1.16-7
2017-05-24 05:26:33 status installed libpopt0:armhf 1.16-7
2017-05-24 05:26:33 configure libusb-0.1-4:armhf 2:0.1.12-20+nmu1 <none>
2017-05-24 05:26:33 status unpacked libusb-0.1-4:armhf 2:0.1.12-20+nmu1
2017-05-24 05:26:33 status half-configured libusb-0.1-4:armhf 2:0.1.12-20+nmu1
2017-05-24 05:26:34 status installed libusb-0.1-4:armhf 2:0.1.12-20+nmu1
2017-05-24 05:26:34 configure libgpg-error0:armhf 1.10-3.1 <none>
2017-05-24 05:26:34 status unpacked libgpg-error0:armhf 1.10-3.1
2017-05-24 05:26:34 status half-configured libgpg-error0:armhf 1.10-3.1
2017-05-24 05:26:34 status installed libgpg-error0:armhf 1.10-3.1
2017-05-24 05:26:34 configure install-info:armhf 4.13a.dfsg.1-10 <none>
2017-05-24 05:26:34 status unpacked install-info:armhf 4.13a.dfsg.1-10
2017-05-24 05:26:34 status half-configured install-info:armhf 4.13a.dfsg.1-10
2017-05-24 05:26:35 status installed install-info:armhf 4.13a.dfsg.1-10
2017-05-24 05:26:35 configure vim-common:armhf 2:7.3.547-7 <none>
2017-05-24 05:26:35 status unpacked vim-common:armhf 2:7.3.547-7
2017-05-24 05:26:35 status unpacked vim-common:armhf 2:7.3.547-7
2017-05-24 05:26:35 status half-configured vim-common:armhf 2:7.3.547-7
2017-05-24 05:26:35 status installed vim-common:armhf 2:7.3.547-7
2017-05-24 05:26:35 configure openssl:armhf 1.0.1e-2+deb7u20 <none>
2017-05-24 05:26:35 status unpacked openssl:armhf 1.0.1e-2+deb7u20
2017-05-24 05:26:35 status unpacked openssl:armhf 1.0.1e-2+deb7u20
2017-05-24 05:26:35 status half-configured openssl:armhf 1.0.1e-2+deb7u20
2017-05-24 05:26:35 status installed openssl:armhf 1.0.1e-2+deb7u20
2017-05-24 05:26:35 configure libprocps0:armhf 1:3.3.3-3 <none>
2017-05-24 05:26:35 status unpacked libprocps0:armhf 1:3.3.3-3
2017-05-24 05:26:35 status half-configured libprocps0:armhf 1:3.3.3-3
2017-05-24 05:26:35 status installed libprocps0:armhf 1:3.3.3-3
2017-05-24 05:26:35 configure netbase:all 5.0 <none>
2017-05-24 05:26:35 status unpacked netbase:all 5.0
2017-05-24 05:26:35 status unpacked netbase:all 5.0
2017-05-24 05:26:35 status unpacked netbase:all 5.0
2017-05-24 05:26:35 status unpacked netbase:all 5.0
2017-05-24 05:26:35 status half-configured netbase:all 5.0
2017-05-24 05:26:35 status installed netbase:all 5.0
2017-05-24 05:26:35 configure libudev0:armhf 175-7.2 <none>
2017-05-24 05:26:35 status unpacked libudev0:armhf 175-7.2
2017-05-24 05:26:35 status half-configured libudev0:armhf 175-7.2
2017-05-24 05:26:35 status installed libudev0:armhf 175-7.2
2017-05-24 05:26:35 configure libkmod2:armhf 9-3 <none>
2017-05-24 05:26:35 status unpacked libkmod2:armhf 9-3
2017-05-24 05:26:35 status half-configured libkmod2:armhf 9-3
2017-05-24 05:26:35 status installed libkmod2:armhf 9-3
2017-05-24 05:26:35 configure adduser:all 3.113+nmu3 <none>
2017-05-24 05:26:35 status unpacked adduser:all 3.113+nmu3
2017-05-24 05:26:35 status unpacked adduser:all 3.113+nmu3
2017-05-24 05:26:35 status half-configured adduser:all 3.113+nmu3
2017-05-24 05:26:36 status installed adduser:all 3.113+nmu3
2017-05-24 05:26:36 configure traceroute:armhf 1:2.0.18-3 <none>
2017-05-24 05:26:36 status unpacked traceroute:armhf 1:2.0.18-3
2017-05-24 05:26:36 status half-configured traceroute:armhf 1:2.0.18-3
2017-05-24 05:26:36 status installed traceroute:armhf 1:2.0.18-3
2017-05-24 05:26:36 configure manpages:all 3.44-1 <none>
2017-05-24 05:26:36 status unpacked manpages:all 3.44-1
2017-05-24 05:26:36 status half-configured manpages:all 3.44-1
2017-05-24 05:26:36 status installed manpages:all 3.44-1
2017-05-24 05:26:36 configure libsqlite3-0:armhf 3.7.13-1+deb7u2 <none>
2017-05-24 05:26:36 status unpacked libsqlite3-0:armhf 3.7.13-1+deb7u2
2017-05-24 05:26:36 status half-configured libsqlite3-0:armhf 3.7.13-1+deb7u2
2017-05-24 05:26:36 status installed libsqlite3-0:armhf 3.7.13-1+deb7u2
2017-05-24 05:26:36 configure libkeyutils1:armhf 1.5.5-3+deb7u1 <none>
2017-05-24 05:26:36 status unpacked libkeyutils1:armhf 1.5.5-3+deb7u1
2017-05-24 05:26:36 status half-configured libkeyutils1:armhf 1.5.5-3+deb7u1
2017-05-24 05:26:36 status installed libkeyutils1:armhf 1.5.5-3+deb7u1
2017-05-24 05:26:36 configure iproute:armhf 20120521-3+b3 <none>
2017-05-24 05:26:36 status unpacked iproute:armhf 20120521-3+b3
2017-05-24 05:26:36 status unpacked iproute:armhf 20120521-3+b3
2017-05-24 05:26:36 status unpacked iproute:armhf 20120521-3+b3
2017-05-24 05:26:36 status unpacked iproute:armhf 20120521-3+b3
2017-05-24 05:26:36 status unpacked iproute:armhf 20120521-3+b3
2017-05-24 05:26:36 status unpacked iproute:armhf 20120521-3+b3
2017-05-24 05:26:36 status unpacked iproute:armhf 20120521-3+b3
2017-05-24 05:26:36 status unpacked iproute:armhf 20120521-3+b3
2017-05-24 05:26:36 status half-configured iproute:armhf 20120521-3+b3
2017-05-24 05:26:36 status installed iproute:armhf 20120521-3+b3
2017-05-24 05:26:36 configure libidn11:armhf 1.25-2 <none>
2017-05-24 05:26:36 status unpacked libidn11:armhf 1.25-2
2017-05-24 05:26:36 status half-configured libidn11:armhf 1.25-2
2017-05-24 05:26:36 status installed libidn11:armhf 1.25-2
2017-05-24 05:26:36 configure libkrb5support0:armhf 1.10.1+dfsg-5+deb7u7 <none>
2017-05-24 05:26:36 status unpacked libkrb5support0:armhf 1.10.1+dfsg-5+deb7u7
2017-05-24 05:26:36 status half-configured libkrb5support0:armhf 1.10.1+dfsg-5+deb7u7
2017-05-24 05:26:36 status installed libkrb5support0:armhf 1.10.1+dfsg-5+deb7u7
2017-05-24 05:26:36 configure libnewt0.52:armhf 0.52.14-11.1 <none>
2017-05-24 05:26:36 status unpacked libnewt0.52:armhf 0.52.14-11.1
2017-05-24 05:26:36 status half-configured libnewt0.52:armhf 0.52.14-11.1
2017-05-24 05:26:37 status installed libnewt0.52:armhf 0.52.14-11.1
2017-05-24 05:26:37 configure net-tools:armhf 1.60-24.2 <none>
2017-05-24 05:26:37 status unpacked net-tools:armhf 1.60-24.2
2017-05-24 05:26:37 status half-configured net-tools:armhf 1.60-24.2
2017-05-24 05:26:37 status installed net-tools:armhf 1.60-24.2
2017-05-24 05:26:37 configure libpipeline1:armhf 1.2.1-1 <none>
2017-05-24 05:26:37 status unpacked libpipeline1:armhf 1.2.1-1
2017-05-24 05:26:37 status half-configured libpipeline1:armhf 1.2.1-1
2017-05-24 05:26:37 status installed libpipeline1:armhf 1.2.1-1
2017-05-24 05:26:37 configure libsasl2-2:armhf 2.1.25.dfsg1-6+deb7u1 <none>
2017-05-24 05:26:37 status unpacked libsasl2-2:armhf 2.1.25.dfsg1-6+deb7u1
2017-05-24 05:26:37 status half-configured libsasl2-2:armhf 2.1.25.dfsg1-6+deb7u1
2017-05-24 05:26:37 status installed libsasl2-2:armhf 2.1.25.dfsg1-6+deb7u1
2017-05-24 05:26:37 configure bsdmainutils:armhf 9.0.3 <none>
2017-05-24 05:26:37 status unpacked bsdmainutils:armhf 9.0.3
2017-05-24 05:26:37 status unpacked bsdmainutils:armhf 9.0.3
2017-05-24 05:26:37 status unpacked bsdmainutils:armhf 9.0.3
2017-05-24 05:26:37 status unpacked bsdmainutils:armhf 9.0.3
2017-05-24 05:26:37 status half-configured bsdmainutils:armhf 9.0.3
2017-05-24 05:26:37 status installed bsdmainutils:armhf 9.0.3
2017-05-24 05:26:37 configure netcat-traditional:armhf 1.10-40 <none>
2017-05-24 05:26:37 status unpacked netcat-traditional:armhf 1.10-40
2017-05-24 05:26:37 status half-configured netcat-traditional:armhf 1.10-40
2017-05-24 05:26:37 status installed netcat-traditional:armhf 1.10-40
2017-05-24 05:26:37 configure debian-archive-keyring:all 2014.3~deb7u1 <none>
2017-05-24 05:26:37 status unpacked debian-archive-keyring:all 2014.3~deb7u1
2017-05-24 05:26:37 status unpacked debian-archive-keyring:all 2014.3~deb7u1
2017-05-24 05:26:37 status unpacked debian-archive-keyring:all 2014.3~deb7u1
2017-05-24 05:26:37 status unpacked debian-archive-keyring:all 2014.3~deb7u1
2017-05-24 05:26:37 status unpacked debian-archive-keyring:all 2014.3~deb7u1
2017-05-24 05:26:37 status unpacked debian-archive-keyring:all 2014.3~deb7u1
2017-05-24 05:26:37 status unpacked debian-archive-keyring:all 2014.3~deb7u1
2017-05-24 05:26:37 status unpacked debian-archive-keyring:all 2014.3~deb7u1
2017-05-24 05:26:37 status half-configured debian-archive-keyring:all 2014.3~deb7u1
2017-05-24 05:26:37 status installed debian-archive-keyring:all 2014.3~deb7u1
2017-05-24 05:26:37 configure libncursesw5:armhf 5.9-10 <none>
2017-05-24 05:26:37 status unpacked libncursesw5:armhf 5.9-10
2017-05-24 05:26:37 status half-configured libncursesw5:armhf 5.9-10
2017-05-24 05:26:37 status installed libncursesw5:armhf 5.9-10
2017-05-24 05:26:37 configure info:armhf 4.13a.dfsg.1-10 <none>
2017-05-24 05:26:37 status unpacked info:armhf 4.13a.dfsg.1-10
2017-05-24 05:26:37 status half-configured info:armhf 4.13a.dfsg.1-10
2017-05-24 05:26:37 status installed info:armhf 4.13a.dfsg.1-10
2017-05-24 05:26:37 configure iputils-ping:armhf 3:20101006-1+b2 <none>
2017-05-24 05:26:37 status unpacked iputils-ping:armhf 3:20101006-1+b2
2017-05-24 05:26:37 status half-configured iputils-ping:armhf 3:20101006-1+b2
2017-05-24 05:26:37 status installed iputils-ping:armhf 3:20101006-1+b2
2017-05-24 05:26:37 configure aptitude-common:all 0.6.8.2-1 <none>
2017-05-24 05:26:37 status unpacked aptitude-common:all 0.6.8.2-1
2017-05-24 05:26:37 status half-configured aptitude-common:all 0.6.8.2-1
2017-05-24 05:26:37 status installed aptitude-common:all 0.6.8.2-1
2017-05-24 05:26:37 configure cron:armhf 3.0pl1-124 <none>
2017-05-24 05:26:37 status unpacked cron:armhf 3.0pl1-124
2017-05-24 05:26:37 status unpacked cron:armhf 3.0pl1-124
2017-05-24 05:26:37 status unpacked cron:armhf 3.0pl1-124
2017-05-24 05:26:37 status unpacked cron:armhf 3.0pl1-124
2017-05-24 05:26:37 status unpacked cron:armhf 3.0pl1-124
2017-05-24 05:26:37 status unpacked cron:armhf 3.0pl1-124
2017-05-24 05:26:37 status unpacked cron:armhf 3.0pl1-124
2017-05-24 05:26:37 status unpacked cron:armhf 3.0pl1-124
2017-05-24 05:26:37 status unpacked cron:armhf 3.0pl1-124
2017-05-24 05:26:37 status unpacked cron:armhf 3.0pl1-124
2017-05-24 05:26:37 status half-configured cron:armhf 3.0pl1-124
2017-05-24 05:26:38 status installed cron:armhf 3.0pl1-124
2017-05-24 05:26:38 configure nano:armhf 2.2.6-1+b2 <none>
2017-05-24 05:26:38 status unpacked nano:armhf 2.2.6-1+b2
2017-05-24 05:26:38 status unpacked nano:armhf 2.2.6-1+b2
2017-05-24 05:26:38 status half-configured nano:armhf 2.2.6-1+b2
2017-05-24 05:26:39 status installed nano:armhf 2.2.6-1+b2
2017-05-24 05:26:39 configure libp11-kit0:armhf 0.12-3 <none>
2017-05-24 05:26:39 status unpacked libp11-kit0:armhf 0.12-3
2017-05-24 05:26:39 status half-configured libp11-kit0:armhf 0.12-3
2017-05-24 05:26:39 status installed libp11-kit0:armhf 0.12-3
2017-05-24 05:26:39 configure rsyslog:armhf 5.8.11-3+deb7u2 <none>
2017-05-24 05:26:39 status unpacked rsyslog:armhf 5.8.11-3+deb7u2
2017-05-24 05:26:39 status unpacked rsyslog:armhf 5.8.11-3+deb7u2
2017-05-24 05:26:39 status unpacked rsyslog:armhf 5.8.11-3+deb7u2
2017-05-24 05:26:39 status unpacked rsyslog:armhf 5.8.11-3+deb7u2
2017-05-24 05:26:39 status unpacked rsyslog:armhf 5.8.11-3+deb7u2
2017-05-24 05:26:39 status unpacked rsyslog:armhf 5.8.11-3+deb7u2
2017-05-24 05:26:39 status half-configured rsyslog:armhf 5.8.11-3+deb7u2
2017-05-24 05:26:39 status installed rsyslog:armhf 5.8.11-3+deb7u2
2017-05-24 05:26:39 configure cpio:armhf 2.11+dfsg-0.1+deb7u2 <none>
2017-05-24 05:26:39 status unpacked cpio:armhf 2.11+dfsg-0.1+deb7u2
2017-05-24 05:26:39 status half-configured cpio:armhf 2.11+dfsg-0.1+deb7u2
2017-05-24 05:26:40 status installed cpio:armhf 2.11+dfsg-0.1+deb7u2
2017-05-24 05:26:40 configure libstdc++6:armhf 4.7.2-5 <none>
2017-05-24 05:26:40 status unpacked libstdc++6:armhf 4.7.2-5
2017-05-24 05:26:40 status half-configured libstdc++6:armhf 4.7.2-5
2017-05-24 05:26:40 status installed libstdc++6:armhf 4.7.2-5
2017-05-24 05:26:40 configure isc-dhcp-client:armhf 4.2.2.dfsg.1-5+deb70u8 <none>
2017-05-24 05:26:40 status unpacked isc-dhcp-client:armhf 4.2.2.dfsg.1-5+deb70u8
2017-05-24 05:26:40 status unpacked isc-dhcp-client:armhf 4.2.2.dfsg.1-5+deb70u8
2017-05-24 05:26:40 status unpacked isc-dhcp-client:armhf 4.2.2.dfsg.1-5+deb70u8
2017-05-24 05:26:40 status unpacked isc-dhcp-client:armhf 4.2.2.dfsg.1-5+deb70u8
2017-05-24 05:26:40 status unpacked isc-dhcp-client:armhf 4.2.2.dfsg.1-5+deb70u8
2017-05-24 05:26:40 status half-configured isc-dhcp-client:armhf 4.2.2.dfsg.1-5+deb70u8
2017-05-24 05:26:40 status installed isc-dhcp-client:armhf 4.2.2.dfsg.1-5+deb70u8
2017-05-24 05:26:40 configure ca-certificates:all 20130119+deb7u1 <none>
2017-05-24 05:26:40 status unpacked ca-certificates:all 20130119+deb7u1
2017-05-24 05:26:40 status half-configured ca-certificates:all 20130119+deb7u1
2017-05-24 05:26:49 status installed ca-certificates:all 20130119+deb7u1
2017-05-24 05:26:49 status triggers-pending ca-certificates:all 20130119+deb7u1
2017-05-24 05:26:49 configure vim-tiny:armhf 2:7.3.547-7 <none>
2017-05-24 05:26:49 status unpacked vim-tiny:armhf 2:7.3.547-7
2017-05-24 05:26:49 status unpacked vim-tiny:armhf 2:7.3.547-7
2017-05-24 05:26:49 status half-configured vim-tiny:armhf 2:7.3.547-7
2017-05-24 05:26:49 status installed vim-tiny:armhf 2:7.3.547-7
2017-05-24 05:26:49 configure readline-common:all 6.2+dfsg-0.1 <none>
2017-05-24 05:26:49 status unpacked readline-common:all 6.2+dfsg-0.1
2017-05-24 05:26:49 status half-configured readline-common:all 6.2+dfsg-0.1
2017-05-24 05:26:49 status installed readline-common:all 6.2+dfsg-0.1
2017-05-24 05:26:49 configure libnfnetlink0:armhf 1.0.0-1.1 <none>
2017-05-24 05:26:49 status unpacked libnfnetlink0:armhf 1.0.0-1.1
2017-05-24 05:26:49 status half-configured libnfnetlink0:armhf 1.0.0-1.1
2017-05-24 05:26:49 status installed libnfnetlink0:armhf 1.0.0-1.1
2017-05-24 05:26:49 configure libgcrypt11:armhf 1.5.0-5+deb7u4 <none>
2017-05-24 05:26:49 status unpacked libgcrypt11:armhf 1.5.0-5+deb7u4
2017-05-24 05:26:49 status half-configured libgcrypt11:armhf 1.5.0-5+deb7u4
2017-05-24 05:26:49 status installed libgcrypt11:armhf 1.5.0-5+deb7u4
2017-05-24 05:26:49 configure procps:armhf 1:3.3.3-3 <none>
2017-05-24 05:26:49 status unpacked procps:armhf 1:3.3.3-3
2017-05-24 05:26:49 status unpacked procps:armhf 1:3.3.3-3
2017-05-24 05:26:49 status unpacked procps:armhf 1:3.3.3-3
2017-05-24 05:26:49 status unpacked procps:armhf 1:3.3.3-3
2017-05-24 05:26:49 status half-configured procps:armhf 1:3.3.3-3
2017-05-24 05:26:50 status installed procps:armhf 1:3.3.3-3
2017-05-24 05:26:50 configure libxapian22:armhf 1.2.12-2+deb7u1 <none>
2017-05-24 05:26:50 status unpacked libxapian22:armhf 1.2.12-2+deb7u1
2017-05-24 05:26:50 status half-configured libxapian22:armhf 1.2.12-2+deb7u1
2017-05-24 05:26:50 status installed libxapian22:armhf 1.2.12-2+deb7u1
2017-05-24 05:26:50 configure libk5crypto3:armhf 1.10.1+dfsg-5+deb7u7 <none>
2017-05-24 05:26:50 status unpacked libk5crypto3:armhf 1.10.1+dfsg-5+deb7u7
2017-05-24 05:26:50 status half-configured libk5crypto3:armhf 1.10.1+dfsg-5+deb7u7
2017-05-24 05:26:50 status installed libk5crypto3:armhf 1.10.1+dfsg-5+deb7u7
2017-05-24 05:26:50 configure whiptail:armhf 0.52.14-11.1 <none>
2017-05-24 05:26:50 status unpacked whiptail:armhf 0.52.14-11.1
2017-05-24 05:26:50 status half-configured whiptail:armhf 0.52.14-11.1
2017-05-24 05:26:50 status installed whiptail:armhf 0.52.14-11.1
2017-05-24 05:26:50 configure ifupdown:armhf 0.7.8 <none>
2017-05-24 05:26:50 status unpacked ifupdown:armhf 0.7.8
2017-05-24 05:26:50 status unpacked ifupdown:armhf 0.7.8
2017-05-24 05:26:50 status unpacked ifupdown:armhf 0.7.8
2017-05-24 05:26:50 status unpacked ifupdown:armhf 0.7.8
2017-05-24 05:26:50 status unpacked ifupdown:armhf 0.7.8
2017-05-24 05:26:50 status unpacked ifupdown:armhf 0.7.8
2017-05-24 05:26:50 status unpacked ifupdown:armhf 0.7.8
2017-05-24 05:26:50 status unpacked ifupdown:armhf 0.7.8
2017-05-24 05:26:50 status unpacked ifupdown:armhf 0.7.8
2017-05-24 05:26:50 status half-configured ifupdown:armhf 0.7.8
2017-05-24 05:26:51 status installed ifupdown:armhf 0.7.8
2017-05-24 05:26:51 configure kmod:armhf 9-3 <none>
2017-05-24 05:26:51 status unpacked kmod:armhf 9-3
2017-05-24 05:26:51 status unpacked kmod:armhf 9-3
2017-05-24 05:26:51 status half-configured kmod:armhf 9-3
2017-05-24 05:26:51 status installed kmod:armhf 9-3
2017-05-24 05:26:51 configure libapt-pkg4.12:armhf 0.9.7.9+deb7u7 <none>
2017-05-24 05:26:51 status unpacked libapt-pkg4.12:armhf 0.9.7.9+deb7u7
2017-05-24 05:26:51 status half-configured libapt-pkg4.12:armhf 0.9.7.9+deb7u7
2017-05-24 05:26:51 status installed libapt-pkg4.12:armhf 0.9.7.9+deb7u7
2017-05-24 05:26:51 configure libept1.4.12:armhf 1.0.9 <none>
2017-05-24 05:26:51 status unpacked libept1.4.12:armhf 1.0.9
2017-05-24 05:26:51 status half-configured libept1.4.12:armhf 1.0.9
2017-05-24 05:26:51 status installed libept1.4.12:armhf 1.0.9
2017-05-24 05:26:51 configure libapt-inst1.5:armhf 0.9.7.9+deb7u7 <none>
2017-05-24 05:26:51 status unpacked libapt-inst1.5:armhf 0.9.7.9+deb7u7
2017-05-24 05:26:51 status half-configured libapt-inst1.5:armhf 0.9.7.9+deb7u7
2017-05-24 05:26:51 status installed libapt-inst1.5:armhf 0.9.7.9+deb7u7
2017-05-24 05:26:51 configure libreadline6:armhf 6.2+dfsg-0.1 <none>
2017-05-24 05:26:51 status unpacked libreadline6:armhf 6.2+dfsg-0.1
2017-05-24 05:26:51 status half-configured libreadline6:armhf 6.2+dfsg-0.1
2017-05-24 05:26:51 status installed libreadline6:armhf 6.2+dfsg-0.1
2017-05-24 05:26:51 configure logrotate:armhf 3.8.1-4 <none>
2017-05-24 05:26:51 status unpacked logrotate:armhf 3.8.1-4
2017-05-24 05:26:52 status unpacked logrotate:armhf 3.8.1-4
2017-05-24 05:26:52 status unpacked logrotate:armhf 3.8.1-4
2017-05-24 05:26:52 status half-configured logrotate:armhf 3.8.1-4
2017-05-24 05:26:52 status installed logrotate:armhf 3.8.1-4
2017-05-24 05:26:52 configure libboost-iostreams1.49.0:armhf 1.49.0-3.2 <none>
2017-05-24 05:26:52 status unpacked libboost-iostreams1.49.0:armhf 1.49.0-3.2
2017-05-24 05:26:52 status half-configured libboost-iostreams1.49.0:armhf 1.49.0-3.2
2017-05-24 05:26:52 status installed libboost-iostreams1.49.0:armhf 1.49.0-3.2
2017-05-24 05:26:52 configure groff-base:armhf 1.21-9 <none>
2017-05-24 05:26:52 status unpacked groff-base:armhf 1.21-9
2017-05-24 05:26:52 status unpacked groff-base:armhf 1.21-9
2017-05-24 05:26:52 status unpacked groff-base:armhf 1.21-9
2017-05-24 05:26:52 status half-configured groff-base:armhf 1.21-9
2017-05-24 05:26:52 status installed groff-base:armhf 1.21-9
2017-05-24 05:26:52 configure gnupg:armhf 1.4.12-7+deb7u7 <none>
2017-05-24 05:26:52 status unpacked gnupg:armhf 1.4.12-7+deb7u7
2017-05-24 05:26:52 status half-configured gnupg:armhf 1.4.12-7+deb7u7
2017-05-24 05:26:52 status installed gnupg:armhf 1.4.12-7+deb7u7
2017-05-24 05:26:52 configure libsigc++-2.0-0c2a:armhf 2.2.10-0.2 <none>
2017-05-24 05:26:52 status unpacked libsigc++-2.0-0c2a:armhf 2.2.10-0.2
2017-05-24 05:26:52 status half-configured libsigc++-2.0-0c2a:armhf 2.2.10-0.2
2017-05-24 05:26:52 status installed libsigc++-2.0-0c2a:armhf 2.2.10-0.2
2017-05-24 05:26:52 configure libgnutls26:armhf 2.12.20-8+deb7u5 <none>
2017-05-24 05:26:52 status unpacked libgnutls26:armhf 2.12.20-8+deb7u5
2017-05-24 05:26:52 status half-configured libgnutls26:armhf 2.12.20-8+deb7u5
2017-05-24 05:26:52 status installed libgnutls26:armhf 2.12.20-8+deb7u5
2017-05-24 05:26:52 configure libldap-2.4-2:armhf 2.4.31-2+deb7u2 <none>
2017-05-24 05:26:52 status unpacked libldap-2.4-2:armhf 2.4.31-2+deb7u2
2017-05-24 05:26:52 status unpacked libldap-2.4-2:armhf 2.4.31-2+deb7u2
2017-05-24 05:26:52 status half-configured libldap-2.4-2:armhf 2.4.31-2+deb7u2
2017-05-24 05:26:52 status installed libldap-2.4-2:armhf 2.4.31-2+deb7u2
2017-05-24 05:26:52 configure apt-utils:armhf 0.9.7.9+deb7u7 <none>
2017-05-24 05:26:52 status unpacked apt-utils:armhf 0.9.7.9+deb7u7
2017-05-24 05:26:52 status half-configured apt-utils:armhf 0.9.7.9+deb7u7
2017-05-24 05:26:52 status installed apt-utils:armhf 0.9.7.9+deb7u7
2017-05-24 05:26:52 configure udev:armhf 175-7.2 <none>
2017-05-24 05:26:52 status unpacked udev:armhf 175-7.2
2017-05-24 05:26:52 status unpacked udev:armhf 175-7.2
2017-05-24 05:26:52 status unpacked udev:armhf 175-7.2
2017-05-24 05:26:52 status unpacked udev:armhf 175-7.2
2017-05-24 05:26:52 status unpacked udev:armhf 175-7.2
2017-05-24 05:26:52 status unpacked udev:armhf 175-7.2
2017-05-24 05:26:52 status unpacked udev:armhf 175-7.2
2017-05-24 05:26:52 status unpacked udev:armhf 175-7.2
2017-05-24 05:26:52 status unpacked udev:armhf 175-7.2
2017-05-24 05:26:52 status unpacked udev:armhf 175-7.2
2017-05-24 05:26:52 status unpacked udev:armhf 175-7.2
2017-05-24 05:26:52 status half-configured udev:armhf 175-7.2
2017-05-24 05:26:53 status installed udev:armhf 175-7.2
2017-05-24 05:26:53 configure iptables:armhf 1.4.14-3.1 <none>
2017-05-24 05:26:53 status unpacked iptables:armhf 1.4.14-3.1
2017-05-24 05:26:53 status half-configured iptables:armhf 1.4.14-3.1
2017-05-24 05:26:53 status installed iptables:armhf 1.4.14-3.1
2017-05-24 05:26:53 configure libkrb5-3:armhf 1.10.1+dfsg-5+deb7u7 <none>
2017-05-24 05:26:53 status unpacked libkrb5-3:armhf 1.10.1+dfsg-5+deb7u7
2017-05-24 05:26:53 status half-configured libkrb5-3:armhf 1.10.1+dfsg-5+deb7u7
2017-05-24 05:26:53 status installed libkrb5-3:armhf 1.10.1+dfsg-5+deb7u7
2017-05-24 05:26:53 configure libssh2-1:armhf 1.4.2-1.1+deb7u2 <none>
2017-05-24 05:26:53 status unpacked libssh2-1:armhf 1.4.2-1.1+deb7u2
2017-05-24 05:26:53 status half-configured libssh2-1:armhf 1.4.2-1.1+deb7u2
2017-05-24 05:26:53 status installed libssh2-1:armhf 1.4.2-1.1+deb7u2
2017-05-24 05:26:53 configure man-db:armhf 2.6.2-1 <none>
2017-05-24 05:26:53 status unpacked man-db:armhf 2.6.2-1
2017-05-24 05:26:53 status unpacked man-db:armhf 2.6.2-1
2017-05-24 05:26:53 status unpacked man-db:armhf 2.6.2-1
2017-05-24 05:26:53 status unpacked man-db:armhf 2.6.2-1
2017-05-24 05:26:53 status half-configured man-db:armhf 2.6.2-1
2017-05-24 05:27:24 status installed man-db:armhf 2.6.2-1
2017-05-24 05:27:24 configure libgssapi-krb5-2:armhf 1.10.1+dfsg-5+deb7u7 <none>
2017-05-24 05:27:24 status unpacked libgssapi-krb5-2:armhf 1.10.1+dfsg-5+deb7u7
2017-05-24 05:27:24 status half-configured libgssapi-krb5-2:armhf 1.10.1+dfsg-5+deb7u7
2017-05-24 05:27:24 status installed libgssapi-krb5-2:armhf 1.10.1+dfsg-5+deb7u7
2017-05-24 05:27:24 configure apt:armhf 0.9.7.9+deb7u7 <none>
2017-05-24 05:27:24 status unpacked apt:armhf 0.9.7.9+deb7u7
2017-05-24 05:27:24 status unpacked apt:armhf 0.9.7.9+deb7u7
2017-05-24 05:27:24 status unpacked apt:armhf 0.9.7.9+deb7u7
2017-05-24 05:27:24 status unpacked apt:armhf 0.9.7.9+deb7u7
2017-05-24 05:27:24 status half-configured apt:armhf 0.9.7.9+deb7u7
2017-05-24 05:27:26 status installed apt:armhf 0.9.7.9+deb7u7
2017-05-24 05:27:26 configure librtmp0:armhf 2.4+20111222.git4e06e21-1 <none>
2017-05-24 05:27:26 status unpacked librtmp0:armhf 2.4+20111222.git4e06e21-1
2017-05-24 05:27:26 status half-configured librtmp0:armhf 2.4+20111222.git4e06e21-1
2017-05-24 05:27:26 status installed librtmp0:armhf 2.4+20111222.git4e06e21-1
2017-05-24 05:27:26 configure wget:armhf 1.13.4-3+deb7u2 <none>
2017-05-24 05:27:26 status unpacked wget:armhf 1.13.4-3+deb7u2
2017-05-24 05:27:26 status unpacked wget:armhf 1.13.4-3+deb7u2
2017-05-24 05:27:26 status half-configured wget:armhf 1.13.4-3+deb7u2
2017-05-24 05:27:26 status installed wget:armhf 1.13.4-3+deb7u2
2017-05-24 05:27:26 configure libcwidget3:armhf 0.5.16-3.4 <none>
2017-05-24 05:27:26 status unpacked libcwidget3:armhf 0.5.16-3.4
2017-05-24 05:27:26 status half-configured libcwidget3:armhf 0.5.16-3.4
2017-05-24 05:27:26 status installed libcwidget3:armhf 0.5.16-3.4
2017-05-24 05:27:26 configure aptitude:armhf 0.6.8.2-1 <none>
2017-05-24 05:27:26 status unpacked aptitude:armhf 0.6.8.2-1
2017-05-24 05:27:26 status unpacked aptitude:armhf 0.6.8.2-1
2017-05-24 05:27:26 status unpacked aptitude:armhf 0.6.8.2-1
2017-05-24 05:27:26 status half-configured aptitude:armhf 0.6.8.2-1
2017-05-24 05:27:26 status installed aptitude:armhf 0.6.8.2-1
2017-05-24 05:27:26 configure libcurl3-gnutls:armhf 7.26.0-1+wheezy13 <none>
2017-05-24 05:27:26 status unpacked libcurl3-gnutls:armhf 7.26.0-1+wheezy13
2017-05-24 05:27:26 status half-configured libcurl3-gnutls:armhf 7.26.0-1+wheezy13
2017-05-24 05:27:26 status installed libcurl3-gnutls:armhf 7.26.0-1+wheezy13
2017-05-24 05:27:26 configure apt-transport-https:armhf 0.9.7.9+deb7u7 <none>
2017-05-24 05:27:26 status unpacked apt-transport-https:armhf 0.9.7.9+deb7u7
2017-05-24 05:27:26 status half-configured apt-transport-https:armhf 0.9.7.9+deb7u7
2017-05-24 05:27:26 status installed apt-transport-https:armhf 0.9.7.9+deb7u7
2017-05-24 05:27:26 configure tasksel:all 3.14.1 <none>
2017-05-24 05:27:26 status unpacked tasksel:all 3.14.1
2017-05-24 05:27:26 status half-configured tasksel:all 3.14.1
2017-05-24 05:27:27 status installed tasksel:all 3.14.1
2017-05-24 05:27:27 configure tasksel-data:all 3.14.1 <none>
2017-05-24 05:27:27 status unpacked tasksel-data:all 3.14.1
2017-05-24 05:27:27 status half-configured tasksel-data:all 3.14.1
2017-05-24 05:27:27 status installed tasksel-data:all 3.14.1
2017-05-24 05:27:27 trigproc ca-certificates:all 20130119+deb7u1 <none>
2017-05-24 05:27:27 status half-configured ca-certificates:all 20130119+deb7u1
2017-05-24 05:28:15 status installed ca-certificates:all 20130119+deb7u1
2017-05-24 05:28:51 startup packages configure
